[0.323s] Invoking command in '/home/preethi/ros2_ws/src/my_package': PYTHONPATH=/home/preethi/ros2_ws/build/my_package/prefix_override:/usr/lib/python3/dist-packages/colcon_core/task/python/colcon_distutils_commands:/home/preethi/ros2_ws/install/my_package/lib/python3.10/site-packages:${PYTHONPATH} /usr/bin/python3 -W ignore:setup.py install is deprecated -W ignore:easy_install command is deprecated setup.py egg_info --egg-base ../../build/my_package build --build-base /home/preethi/ros2_ws/build/my_package/build install --record /home/preethi/ros2_ws/build/my_package/install.log --single-version-externally-managed install_data
[0.443s] running egg_info
[0.443s] creating ../../build/my_package/my_package.egg-info
[0.444s] writing ../../build/my_package/my_package.egg-info/PKG-INFO
[0.444s] writing dependency_links to ../../build/my_package/my_package.egg-info/dependency_links.txt
[0.444s] writing entry points to ../../build/my_package/my_package.egg-info/entry_points.txt
[0.444s] writing requirements to ../../build/my_package/my_package.egg-info/requires.txt
[0.444s] writing top-level names to ../../build/my_package/my_package.egg-info/top_level.txt
[0.444s] writing manifest file '../../build/my_package/my_package.egg-info/SOURCES.txt'
[0.445s] reading manifest file '../../build/my_package/my_package.egg-info/SOURCES.txt'
[0.445s] adding license file 'LICENSE'
[0.445s] writing manifest file '../../build/my_package/my_package.egg-info/SOURCES.txt'
[0.445s] running build
[0.445s] running build_py
[0.445s] creating /home/preethi/ros2_ws/build/my_package/build
[0.445s] creating /home/preethi/ros2_ws/build/my_package/build/lib
[0.445s] creating /home/preethi/ros2_ws/build/my_package/build/lib/my_package
[0.445s] copying my_package/my_node.py -> /home/preethi/ros2_ws/build/my_package/build/lib/my_package
[0.445s] copying my_package/__init__.py -> /home/preethi/ros2_ws/build/my_package/build/lib/my_package
[0.445s] running install
[0.445s] running install_lib
[0.446s] creating /home/preethi/ros2_ws/install/my_package/lib/python3.10/site-packages/my_package
[0.446s] copying /home/preethi/ros2_ws/build/my_package/build/lib/my_package/my_node.py -> /home/preethi/ros2_ws/install/my_package/lib/python3.10/site-packages/my_package
[0.446s] copying /home/preethi/ros2_ws/build/my_package/build/lib/my_package/__init__.py -> /home/preethi/ros2_ws/install/my_package/lib/python3.10/site-packages/my_package
[0.446s] byte-compiling /home/preethi/ros2_ws/install/my_package/lib/python3.10/site-packages/my_package/my_node.py to my_node.cpython-310.pyc
[0.446s] byte-compiling /home/preethi/ros2_ws/install/my_package/lib/python3.10/site-packages/my_package/__init__.py to __init__.cpython-310.pyc
[0.446s] running install_data
[0.446s] creating /home/preethi/ros2_ws/install/my_package/share/ament_index
[0.446s] creating /home/preethi/ros2_ws/install/my_package/share/ament_index/resource_index
[0.446s] creating /home/preethi/ros2_ws/install/my_package/share/ament_index/resource_index/packages
[0.446s] copying resource/my_package -> /home/preethi/ros2_ws/install/my_package/share/ament_index/resource_index/packages
[0.446s] copying package.xml -> /home/preethi/ros2_ws/install/my_package/share/my_package
[0.446s] running install_egg_info
[0.448s] Copying ../../build/my_package/my_package.egg-info to /home/preethi/ros2_ws/install/my_package/lib/python3.10/site-packages/my_package-0.0.0-py3.10.egg-info
[0.448s] running install_scripts
[0.459s] Installing my_node script to /home/preethi/ros2_ws/install/my_package/lib/my_package
[0.459s] writing list of installed files to '/home/preethi/ros2_ws/build/my_package/install.log'
[0.471s] Invoked command in '/home/preethi/ros2_ws/src/my_package' returned '0': PYTHONPATH=/home/preethi/ros2_ws/build/my_package/prefix_override:/usr/lib/python3/dist-packages/colcon_core/task/python/colcon_distutils_commands:/home/preethi/ros2_ws/install/my_package/lib/python3.10/site-packages:${PYTHONPATH} /usr/bin/python3 -W ignore:setup.py install is deprecated -W ignore:easy_install command is deprecated setup.py egg_info --egg-base ../../build/my_package build --build-base /home/preethi/ros2_ws/build/my_package/build install --record /home/preethi/ros2_ws/build/my_package/install.log --single-version-externally-managed install_data
