[0.154s] Invoking command in '/home/preethi/ros2_ws/build/my_package_cpp': CMAKE_PREFIX_PATH=/opt/ros/humble /usr/bin/cmake /home/preethi/ros2_ws/src/my_package_cpp -DCMAKE_INSTALL_PREFIX=/home/preethi/ros2_ws/install/my_package_cpp
[0.288s] -- The C compiler identification is GNU 11.4.0
[0.288s] -- The CXX compiler identification is GNU 11.4.0
[0.288s] -- Detecting C compiler ABI info
[0.288s] -- Detecting C compiler ABI info - done
[0.288s] -- Check for working C compiler: /usr/bin/cc - skipped
[0.288s] -- Detecting C compile features
[0.288s] -- Detecting C compile features - done
[0.290s] -- Detecting CXX compiler ABI info
[0.362s] -- Detecting CXX compiler ABI info - done
[0.370s] -- Check for working CXX compiler: /usr/bin/c++ - skipped
[0.370s] -- Detecting CXX compile features
[0.370s] -- Detecting CXX compile features - done
[0.372s] -- Found ament_cmake: 1.3.14 (/opt/ros/humble/share/ament_cmake/cmake)
[0.497s] -- Found Python3: /usr/bin/python3 (found version "3.10.12") found components: Interpreter 
[0.556s] -- Found ament_lint_auto: 0.12.15 (/opt/ros/humble/share/ament_lint_auto/cmake)
[0.614s] -- Added test 'cppcheck' to perform static code analysis on C / C++ code
[0.614s] -- Configured cppcheck include dirs: $<BUILD_INTERFACE:/home/preethi/ros2_ws/src/my_package_cpp/include>
[0.614s] -- Configured cppcheck exclude dirs and/or files: 
[0.615s] -- Added test 'lint_cmake' to check CMake code style
[0.615s] -- Added test 'uncrustify' to check C / C++ code style
[0.615s] -- Configured uncrustify additional arguments: 
[0.616s] -- Added test 'xmllint' to check XML markup files
[0.616s] -- Configuring done
[0.618s] -- Generating done
[0.620s] -- Build files have been written to: /home/preethi/ros2_ws/build/my_package_cpp
[0.623s] Invoked command in '/home/preethi/ros2_ws/build/my_package_cpp' returned '0': CMAKE_PREFIX_PATH=/opt/ros/humble /usr/bin/cmake /home/preethi/ros2_ws/src/my_package_cpp -DCMAKE_INSTALL_PREFIX=/home/preethi/ros2_ws/install/my_package_cpp
[0.624s] Invoking command in '/home/preethi/ros2_ws/build/my_package_cpp': CMAKE_PREFIX_PATH=/opt/ros/humble /usr/bin/cmake --build /home/preethi/ros2_ws/build/my_package_cpp -- -j16 -l16
[0.661s] [ 50%] [32mBuilding CXX object CMakeFiles/my_node.dir/src/my_node.cpp.o[0m
[0.681s] [100%] [32m[1mLinking CXX executable my_node[0m
[0.714s] [100%] Built target my_node
[0.722s] Invoked command in '/home/preethi/ros2_ws/build/my_package_cpp' returned '0': CMAKE_PREFIX_PATH=/opt/ros/humble /usr/bin/cmake --build /home/preethi/ros2_ws/build/my_package_cpp -- -j16 -l16
[0.724s] Invoking command in '/home/preethi/ros2_ws/build/my_package_cpp': CMAKE_PREFIX_PATH=/opt/ros/humble /usr/bin/cmake --install /home/preethi/ros2_ws/build/my_package_cpp
[0.727s] -- Install configuration: ""
[0.728s] -- Installing: /home/preethi/ros2_ws/install/my_package_cpp/lib/my_package_cpp/my_node
[0.728s] -- Installing: /home/preethi/ros2_ws/install/my_package_cpp/share/ament_index/resource_index/package_run_dependencies/my_package_cpp
[0.728s] -- Installing: /home/preethi/ros2_ws/install/my_package_cpp/share/ament_index/resource_index/parent_prefix_path/my_package_cpp
[0.728s] -- Installing: /home/preethi/ros2_ws/install/my_package_cpp/share/my_package_cpp/environment/ament_prefix_path.sh
[0.728s] -- Installing: /home/preethi/ros2_ws/install/my_package_cpp/share/my_package_cpp/environment/ament_prefix_path.dsv
[0.728s] -- Installing: /home/preethi/ros2_ws/install/my_package_cpp/share/my_package_cpp/environment/path.sh
[0.728s] -- Installing: /home/preethi/ros2_ws/install/my_package_cpp/share/my_package_cpp/environment/path.dsv
[0.728s] -- Installing: /home/preethi/ros2_ws/install/my_package_cpp/share/my_package_cpp/local_setup.bash
[0.728s] -- Installing: /home/preethi/ros2_ws/install/my_package_cpp/share/my_package_cpp/local_setup.sh
[0.728s] -- Installing: /home/preethi/ros2_ws/install/my_package_cpp/share/my_package_cpp/local_setup.zsh
[0.728s] -- Installing: /home/preethi/ros2_ws/install/my_package_cpp/share/my_package_cpp/local_setup.dsv
[0.728s] -- Installing: /home/preethi/ros2_ws/install/my_package_cpp/share/my_package_cpp/package.dsv
[0.728s] -- Installing: /home/preethi/ros2_ws/install/my_package_cpp/share/ament_index/resource_index/packages/my_package_cpp
[0.728s] -- Installing: /home/preethi/ros2_ws/install/my_package_cpp/share/my_package_cpp/cmake/my_package_cppConfig.cmake
[0.728s] -- Installing: /home/preethi/ros2_ws/install/my_package_cpp/share/my_package_cpp/cmake/my_package_cppConfig-version.cmake
[0.728s] -- Installing: /home/preethi/ros2_ws/install/my_package_cpp/share/my_package_cpp/package.xml
[0.730s] Invoked command in '/home/preethi/ros2_ws/build/my_package_cpp' returned '0': CMAKE_PREFIX_PATH=/opt/ros/humble /usr/bin/cmake --install /home/preethi/ros2_ws/build/my_package_cpp
