[0.006s] Invoking command in '/home/preethi/ros2_ws/build/cpp_pubsub': CMAKE_PREFIX_PATH=/opt/ros/humble /usr/bin/cmake /home/preethi/ros2_ws/src/cpp_pubsub -DCMAKE_INSTALL_PREFIX=/home/preethi/ros2_ws/install/cpp_pubsub
[0.094s] -- The C compiler identification is GNU 11.4.0
[0.160s] -- The CXX compiler identification is GNU 11.4.0
[0.167s] -- Detecting C compiler ABI info
[0.225s] -- Detecting C compiler ABI info - done
[0.232s] -- Check for working C compiler: /usr/bin/cc - skipped
[0.233s] -- Detecting C compile features
[0.233s] -- Detecting C compile features - done
[0.236s] -- Detecting CXX compiler ABI info
[0.295s] -- Detecting CXX compiler ABI info - done
[0.300s] -- Check for working CXX compiler: /usr/bin/c++ - skipped
[0.300s] -- Detecting CXX compile features
[0.300s] -- Detecting CXX compile features - done
[0.305s] -- Found ament_cmake: 1.3.14 (/opt/ros/humble/share/ament_cmake/cmake)
[0.402s] -- Found Python3: /usr/bin/python3 (found version "3.10.12") found components: Interpreter 
[0.458s] -- Found rclcpp: 16.0.19 (/opt/ros/humble/share/rclcpp/cmake)
[0.491s] -- Found rosidl_generator_c: 3.1.8 (/opt/ros/humble/share/rosidl_generator_c/cmake)
[0.493s] -- Found rosidl_adapter: 3.1.8 (/opt/ros/humble/share/rosidl_adapter/cmake)
[0.499s] -- Found rosidl_generator_cpp: 3.1.8 (/opt/ros/humble/share/rosidl_generator_cpp/cmake)
[0.508s] -- Using all available rosidl_typesupport_c: rosidl_typesupport_fastrtps_c;rosidl_typesupport_introspection_c
[0.518s] -- Using all available rosidl_typesupport_cpp: rosidl_typesupport_fastrtps_cpp;rosidl_typesupport_introspection_cpp
[0.545s] -- Found rmw_implementation_cmake: 6.1.2 (/opt/ros/humble/share/rmw_implementation_cmake/cmake)
[0.547s] -- Found rmw_fastrtps_cpp: 6.2.10 (/opt/ros/humble/share/rmw_fastrtps_cpp/cmake)
[0.618s] -- Found OpenSSL: /usr/lib/x86_64-linux-gnu/libcrypto.so (found version "3.0.2")  
[0.641s] -- Found FastRTPS: /opt/ros/humble/include  
[0.666s] -- Using RMW implementation 'rmw_fastrtps_cpp' as default
[0.675s] -- Looking for pthread.h
[0.733s] -- Looking for pthread.h - found
[0.733s] -- Performing Test CMAKE_HAVE_LIBC_PTHREAD
[0.795s] -- Performing Test CMAKE_HAVE_LIBC_PTHREAD - Success
[0.796s] -- Found Threads: TRUE  
[0.876s] -- Configuring done
[0.881s] -- Generating done
[0.884s] -- Build files have been written to: /home/preethi/ros2_ws/build/cpp_pubsub
[0.889s] Invoked command in '/home/preethi/ros2_ws/build/cpp_pubsub' returned '0': CMAKE_PREFIX_PATH=/opt/ros/humble /usr/bin/cmake /home/preethi/ros2_ws/src/cpp_pubsub -DCMAKE_INSTALL_PREFIX=/home/preethi/ros2_ws/install/cpp_pubsub
[0.890s] Invoking command in '/home/preethi/ros2_ws/build/cpp_pubsub': CMAKE_PREFIX_PATH=/opt/ros/humble /usr/bin/cmake --build /home/preethi/ros2_ws/build/cpp_pubsub -- -j16 -l16
[0.926s] [ 25%] [32mBuilding CXX object CMakeFiles/listener.dir/src/subscriber_member_function.cpp.o[0m
[0.927s] [ 50%] [32mBuilding CXX object CMakeFiles/talker.dir/src/publisher_member_function.cpp.o[0m
[3.339s] [ 75%] [32m[1mLinking CXX executable talker[0m
[3.462s] [ 75%] Built target talker
[5.375s] [100%] [32m[1mLinking CXX executable listener[0m
[5.599s] [100%] Built target listener
[5.611s] Invoked command in '/home/preethi/ros2_ws/build/cpp_pubsub' returned '0': CMAKE_PREFIX_PATH=/opt/ros/humble /usr/bin/cmake --build /home/preethi/ros2_ws/build/cpp_pubsub -- -j16 -l16
[5.618s] Invoking command in '/home/preethi/ros2_ws/build/cpp_pubsub': CMAKE_PREFIX_PATH=/opt/ros/humble /usr/bin/cmake --install /home/preethi/ros2_ws/build/cpp_pubsub
[5.625s] -- Install configuration: ""
[5.625s] -- Installing: /home/preethi/ros2_ws/install/cpp_pubsub/lib/cpp_pubsub/talker
[5.626s] -- Set runtime path of "/home/preethi/ros2_ws/install/cpp_pubsub/lib/cpp_pubsub/talker" to ""
[5.626s] -- Installing: /home/preethi/ros2_ws/install/cpp_pubsub/lib/cpp_pubsub/listener
[5.627s] -- Set runtime path of "/home/preethi/ros2_ws/install/cpp_pubsub/lib/cpp_pubsub/listener" to ""
[5.627s] -- Installing: /home/preethi/ros2_ws/install/cpp_pubsub/share/ament_index/resource_index/package_run_dependencies/cpp_pubsub
[5.627s] -- Installing: /home/preethi/ros2_ws/install/cpp_pubsub/share/ament_index/resource_index/parent_prefix_path/cpp_pubsub
[5.627s] -- Installing: /home/preethi/ros2_ws/install/cpp_pubsub/share/cpp_pubsub/environment/ament_prefix_path.sh
[5.627s] -- Installing: /home/preethi/ros2_ws/install/cpp_pubsub/share/cpp_pubsub/environment/ament_prefix_path.dsv
[5.628s] -- Installing: /home/preethi/ros2_ws/install/cpp_pubsub/share/cpp_pubsub/environment/path.sh
[5.628s] -- Installing: /home/preethi/ros2_ws/install/cpp_pubsub/share/cpp_pubsub/environment/path.dsv
[5.628s] -- Installing: /home/preethi/ros2_ws/install/cpp_pubsub/share/cpp_pubsub/local_setup.bash
[5.628s] -- Installing: /home/preethi/ros2_ws/install/cpp_pubsub/share/cpp_pubsub/local_setup.sh
[5.628s] -- Installing: /home/preethi/ros2_ws/install/cpp_pubsub/share/cpp_pubsub/local_setup.zsh
[5.628s] -- Installing: /home/preethi/ros2_ws/install/cpp_pubsub/share/cpp_pubsub/local_setup.dsv
[5.628s] -- Installing: /home/preethi/ros2_ws/install/cpp_pubsub/share/cpp_pubsub/package.dsv
[5.628s] -- Installing: /home/preethi/ros2_ws/install/cpp_pubsub/share/ament_index/resource_index/packages/cpp_pubsub
[5.628s] -- Installing: /home/preethi/ros2_ws/install/cpp_pubsub/share/cpp_pubsub/cmake/cpp_pubsubConfig.cmake
[5.628s] -- Installing: /home/preethi/ros2_ws/install/cpp_pubsub/share/cpp_pubsub/cmake/cpp_pubsubConfig-version.cmake
[5.628s] -- Installing: /home/preethi/ros2_ws/install/cpp_pubsub/share/cpp_pubsub/package.xml
[5.629s] Invoked command in '/home/preethi/ros2_ws/build/cpp_pubsub' returned '0': CMAKE_PREFIX_PATH=/opt/ros/humble /usr/bin/cmake --install /home/preethi/ros2_ws/build/cpp_pubsub
