[0.291s] Invoking command in '/home/preethi/ros2_ws/src/my_package': PYTHONPATH=/home/preethi/ros2_ws/build/my_package/prefix_override:/usr/lib/python3/dist-packages/colcon_core/task/python/colcon_distutils_commands:/home/preethi/ros2_ws/install/my_package/lib/python3.10/site-packages:${PYTHONPATH} /usr/bin/python3 -W ignore:setup.py install is deprecated -W ignore:easy_install command is deprecated setup.py egg_info --egg-base ../../build/my_package build --build-base /home/preethi/ros2_ws/build/my_package/build install --record /home/preethi/ros2_ws/build/my_package/install.log --single-version-externally-managed install_data
[0.404s] running egg_info
[0.405s] writing ../../build/my_package/my_package.egg-info/PKG-INFO
[0.405s] writing dependency_links to ../../build/my_package/my_package.egg-info/dependency_links.txt
[0.405s] writing entry points to ../../build/my_package/my_package.egg-info/entry_points.txt
[0.405s] writing requirements to ../../build/my_package/my_package.egg-info/requires.txt
[0.405s] writing top-level names to ../../build/my_package/my_package.egg-info/top_level.txt
[0.406s] reading manifest file '../../build/my_package/my_package.egg-info/SOURCES.txt'
[0.406s] adding license file 'LICENSE'
[0.406s] writing manifest file '../../build/my_package/my_package.egg-info/SOURCES.txt'
[0.406s] running build
[0.406s] running build_py
[0.406s] running install
[0.406s] running install_lib
[0.407s] running install_data
[0.407s] running install_egg_info
[0.408s] removing '/home/preethi/ros2_ws/install/my_package/lib/python3.10/site-packages/my_package-0.0.0-py3.10.egg-info' (and everything under it)
[0.408s] Copying ../../build/my_package/my_package.egg-info to /home/preethi/ros2_ws/install/my_package/lib/python3.10/site-packages/my_package-0.0.0-py3.10.egg-info
[0.409s] running install_scripts
[0.419s] Installing my_node script to /home/preethi/ros2_ws/install/my_package/lib/my_package
[0.419s] writing list of installed files to '/home/preethi/ros2_ws/build/my_package/install.log'
[0.432s] Invoked command in '/home/preethi/ros2_ws/src/my_package' returned '0': PYTHONPATH=/home/preethi/ros2_ws/build/my_package/prefix_override:/usr/lib/python3/dist-packages/colcon_core/task/python/colcon_distutils_commands:/home/preethi/ros2_ws/install/my_package/lib/python3.10/site-packages:${PYTHONPATH} /usr/bin/python3 -W ignore:setup.py install is deprecated -W ignore:easy_install command is deprecated setup.py egg_info --egg-base ../../build/my_package build --build-base /home/preethi/ros2_ws/build/my_package/build install --record /home/preethi/ros2_ws/build/my_package/install.log --single-version-externally-managed install_data
