[0.006s] Invoking command in '/home/preethi/ros2_ws/build/turtlesim': CMAKE_PREFIX_PATH=/opt/ros/humble /usr/bin/cmake /home/preethi/ros2_ws/src/ros_tutorials/turtlesim -DCMAKE_INSTALL_PREFIX=/home/preethi/ros2_ws/install/turtlesim
[0.042s] -- The C compiler identification is GNU 11.4.0
[0.076s] -- The CXX compiler identification is GNU 11.4.0
[0.080s] -- Detecting C compiler ABI info
[0.139s] -- Detecting C compiler ABI info - done
[0.144s] -- Check for working C compiler: /usr/bin/cc - skipped
[0.144s] -- Detecting C compile features
[0.145s] -- Detecting C compile features - done
[0.146s] -- Detecting CXX compiler ABI info
[0.212s] -- Detecting CXX compiler ABI info - done
[0.219s] -- Check for working CXX compiler: /usr/bin/c++ - skipped
[0.219s] -- Detecting CXX compile features
[0.220s] -- Detecting CXX compile features - done
[0.222s] -- Found ament_cmake: 1.3.14 (/opt/ros/humble/share/ament_cmake/cmake)
[0.319s] -- Found Python3: /usr/bin/python3 (found version "3.10.12") found components: Interpreter 
[0.363s] -- Found ament_index_cpp: 1.4.1 (/opt/ros/humble/share/ament_index_cpp/cmake)
[0.373s] -- Found geometry_msgs: 4.9.1 (/opt/ros/humble/share/geometry_msgs/cmake)
[0.393s] -- Found rosidl_generator_c: 3.1.8 (/opt/ros/humble/share/rosidl_generator_c/cmake)
[0.395s] -- Found rosidl_adapter: 3.1.8 (/opt/ros/humble/share/rosidl_adapter/cmake)
[0.399s] -- Found rosidl_generator_cpp: 3.1.8 (/opt/ros/humble/share/rosidl_generator_cpp/cmake)
[0.404s] -- Using all available rosidl_typesupport_c: rosidl_typesupport_fastrtps_c;rosidl_typesupport_introspection_c
[0.412s] -- Using all available rosidl_typesupport_cpp: rosidl_typesupport_fastrtps_cpp;rosidl_typesupport_introspection_cpp
[0.447s] -- Found rclcpp: 16.0.19 (/opt/ros/humble/share/rclcpp/cmake)
[0.463s] -- Found rmw_implementation_cmake: 6.1.2 (/opt/ros/humble/share/rmw_implementation_cmake/cmake)
[0.464s] -- Found rmw_fastrtps_cpp: 6.2.10 (/opt/ros/humble/share/rmw_fastrtps_cpp/cmake)
[0.516s] -- Found OpenSSL: /usr/lib/x86_64-linux-gnu/libcrypto.so (found version "3.0.2")  
[0.530s] -- Found FastRTPS: /opt/ros/humble/include  
[0.553s] -- Using RMW implementation 'rmw_fastrtps_cpp' as default
[0.557s] -- Looking for pthread.h
[0.608s] -- Looking for pthread.h - found
[0.608s] -- Performing Test CMAKE_HAVE_LIBC_PTHREAD
[0.664s] -- Performing Test CMAKE_HAVE_LIBC_PTHREAD - Success
[0.665s] -- Found Threads: TRUE  
[0.689s] -- Found rclcpp_action: 16.0.19 (/opt/ros/humble/share/rclcpp_action/cmake)
[0.707s] -- Found rosidl_default_generators: 1.2.1 (/opt/ros/humble/share/rosidl_default_generators/cmake)
[0.715s] -- Found std_srvs: 4.9.1 (/opt/ros/humble/share/std_srvs/cmake)
[0.908s] -- Found ament_cmake_ros: 0.10.0 (/opt/ros/humble/share/ament_cmake_ros/cmake)
[1.095s] -- Using all available rosidl_typesupport_c: rosidl_typesupport_fastrtps_c;rosidl_typesupport_introspection_c
[1.169s] -- Using all available rosidl_typesupport_cpp: rosidl_typesupport_fastrtps_cpp;rosidl_typesupport_introspection_cpp
[1.184s] -- Found PythonInterp: /usr/bin/python3 (found suitable version "3.10.12", minimum required is "3.6") 
[1.185s] -- Found python_cmake_module: 0.10.0 (/opt/ros/humble/share/python_cmake_module/cmake)
[1.201s] -- Found PythonLibs: /usr/lib/x86_64-linux-gnu/libpython3.10.so (found suitable version "3.10.12", minimum required is "3.5") 
[1.201s] -- Using PYTHON_EXECUTABLE: /usr/bin/python3
[1.201s] -- Using PYTHON_INCLUDE_DIRS: /usr/include/python3.10
[1.201s] -- Using PYTHON_LIBRARIES: /usr/lib/x86_64-linux-gnu/libpython3.10.so
[1.214s] -- Found PythonExtra: .so  
[1.286s] -- Configuring done
[1.318s] -- Generating done
[1.329s] -- Build files have been written to: /home/preethi/ros2_ws/build/turtlesim
[1.339s] Invoked command in '/home/preethi/ros2_ws/build/turtlesim' returned '0': CMAKE_PREFIX_PATH=/opt/ros/humble /usr/bin/cmake /home/preethi/ros2_ws/src/ros_tutorials/turtlesim -DCMAKE_INSTALL_PREFIX=/home/preethi/ros2_ws/install/turtlesim
[1.339s] Invoking command in '/home/preethi/ros2_ws/build/turtlesim': CMAKE_PREFIX_PATH=/opt/ros/humble /usr/bin/cmake --build /home/preethi/ros2_ws/build/turtlesim -- -j16 -l16
[1.365s] [  1%] [34m[1mGenerating C code for ROS interfaces[0m
[1.373s] [  2%] [34m[1mGenerating Rust code for ROS interfaces[0m
[1.374s] [  2%] Built target ament_cmake_python_copy_turtlesim
[1.375s] [  3%] [34m[1mGenerating C++ code for ROS interfaces[0m
[1.508s] running egg_info
[1.509s] creating turtlesim.egg-info
[1.509s] writing turtlesim.egg-info/PKG-INFO
[1.509s] writing dependency_links to turtlesim.egg-info/dependency_links.txt
[1.509s] writing top-level names to turtlesim.egg-info/top_level.txt
[1.509s] writing manifest file 'turtlesim.egg-info/SOURCES.txt'
[1.510s] reading manifest file 'turtlesim.egg-info/SOURCES.txt'
[1.510s] writing manifest file 'turtlesim.egg-info/SOURCES.txt'
[1.527s] [  3%] Built target ament_cmake_python_build_turtlesim_egg
[1.622s] [  3%] Built target turtlesim__rs
[1.874s] [  4%] [32mBuilding C object CMakeFiles/turtlesim__rosidl_generator_c.dir/rosidl_generator_c/turtlesim/action/detail/rotate_absolute__functions.c.o[0m
[1.875s] [  5%] [32mBuilding C object CMakeFiles/turtlesim__rosidl_generator_c.dir/rosidl_generator_c/turtlesim/srv/detail/kill__functions.c.o[0m
[1.876s] [  6%] [32mBuilding C object CMakeFiles/turtlesim__rosidl_generator_c.dir/rosidl_generator_c/turtlesim/msg/detail/color__functions.c.o[0m
[1.876s] [  7%] [32mBuilding C object CMakeFiles/turtlesim__rosidl_generator_c.dir/rosidl_generator_c/turtlesim/msg/detail/pose__functions.c.o[0m
[1.876s] [  8%] [32mBuilding C object CMakeFiles/turtlesim__rosidl_generator_c.dir/rosidl_generator_c/turtlesim/srv/detail/teleport_absolute__functions.c.o[0m
[1.877s] [  9%] [32mBuilding C object CMakeFiles/turtlesim__rosidl_generator_c.dir/rosidl_generator_c/turtlesim/srv/detail/set_pen__functions.c.o[0m
[1.878s] [ 10%] [32mBuilding C object CMakeFiles/turtlesim__rosidl_generator_c.dir/rosidl_generator_c/turtlesim/srv/detail/spawn__functions.c.o[0m
[1.880s] [ 11%] [32mBuilding C object CMakeFiles/turtlesim__rosidl_generator_c.dir/rosidl_generator_c/turtlesim/srv/detail/teleport_relative__functions.c.o[0m
[1.882s] [ 11%] Built target turtlesim__cpp
[1.889s] [ 12%] [34m[1mGenerating C++ introspection for ROS interfaces[0m
[1.889s] [ 13%] [34m[1mGenerating C++ type support for eProsima Fast-RTPS[0m
[1.890s] [ 14%] [34m[1mGenerating C++ type support dispatch for ROS interfaces[0m
[1.991s] [ 15%] [32m[1mLinking C shared library libturtlesim__rosidl_generator_c.so[0m
[2.022s] [ 15%] Built target turtlesim__rosidl_generator_c
[2.029s] [ 16%] [34m[1mGenerating C type support for eProsima Fast-RTPS[0m
[2.032s] [ 18%] [34m[1mGenerating C type support dispatch for ROS interfaces[0m
[2.032s] [ 18%] [34m[1mGenerating C introspection for ROS interfaces[0m
[2.237s] [ 19%] [32mBuilding CXX object CMakeFiles/turtlesim__rosidl_typesupport_cpp.dir/rosidl_typesupport_cpp/turtlesim/msg/color__type_support.cpp.o[0m
[2.237s] [ 21%] [32mBuilding CXX object CMakeFiles/turtlesim__rosidl_typesupport_cpp.dir/rosidl_typesupport_cpp/turtlesim/msg/pose__type_support.cpp.o[0m
[2.237s] [ 21%] [32mBuilding CXX object CMakeFiles/turtlesim__rosidl_typesupport_cpp.dir/rosidl_typesupport_cpp/turtlesim/action/rotate_absolute__type_support.cpp.o[0m
[2.238s] [ 22%] [32mBuilding CXX object CMakeFiles/turtlesim__rosidl_typesupport_cpp.dir/rosidl_typesupport_cpp/turtlesim/srv/spawn__type_support.cpp.o[0m
[2.238s] [ 23%] [32mBuilding CXX object CMakeFiles/turtlesim__rosidl_typesupport_cpp.dir/rosidl_typesupport_cpp/turtlesim/srv/set_pen__type_support.cpp.o[0m
[2.238s] [ 24%] [32mBuilding CXX object CMakeFiles/turtlesim__rosidl_typesupport_cpp.dir/rosidl_typesupport_cpp/turtlesim/srv/kill__type_support.cpp.o[0m
[2.238s] [ 25%] [32mBuilding CXX object CMakeFiles/turtlesim__rosidl_typesupport_cpp.dir/rosidl_typesupport_cpp/turtlesim/srv/teleport_absolute__type_support.cpp.o[0m
[2.239s] [ 26%] [32mBuilding CXX object CMakeFiles/turtlesim__rosidl_typesupport_cpp.dir/rosidl_typesupport_cpp/turtlesim/srv/teleport_relative__type_support.cpp.o[0m
[2.419s] [ 28%] [32mBuilding CXX object CMakeFiles/turtlesim__rosidl_typesupport_introspection_cpp.dir/rosidl_typesupport_introspection_cpp/turtlesim/action/detail/rotate_absolute__type_support.cpp.o[0m
[2.419s] [ 28%] [32mBuilding CXX object CMakeFiles/turtlesim__rosidl_typesupport_introspection_cpp.dir/rosidl_typesupport_introspection_cpp/turtlesim/srv/detail/kill__type_support.cpp.o[0m
[2.419s] [ 30%] [32mBuilding CXX object CMakeFiles/turtlesim__rosidl_typesupport_introspection_cpp.dir/rosidl_typesupport_introspection_cpp/turtlesim/msg/detail/pose__type_support.cpp.o[0m
[2.420s] [ 30%] [32mBuilding CXX object CMakeFiles/turtlesim__rosidl_typesupport_introspection_cpp.dir/rosidl_typesupport_introspection_cpp/turtlesim/msg/detail/color__type_support.cpp.o[0m
[2.495s] [ 31%] [32mBuilding CXX object CMakeFiles/turtlesim__rosidl_typesupport_introspection_cpp.dir/rosidl_typesupport_introspection_cpp/turtlesim/srv/detail/set_pen__type_support.cpp.o[0m
[2.575s] [ 32%] [32mBuilding CXX object CMakeFiles/turtlesim__rosidl_typesupport_introspection_cpp.dir/rosidl_typesupport_introspection_cpp/turtlesim/srv/detail/teleport_absolute__type_support.cpp.o[0m
[2.577s] [ 33%] [32mBuilding CXX object CMakeFiles/turtlesim__rosidl_typesupport_introspection_cpp.dir/rosidl_typesupport_introspection_cpp/turtlesim/srv/detail/spawn__type_support.cpp.o[0m
[2.579s] [ 34%] [32mBuilding CXX object CMakeFiles/turtlesim__rosidl_typesupport_introspection_cpp.dir/rosidl_typesupport_introspection_cpp/turtlesim/srv/detail/teleport_relative__type_support.cpp.o[0m
[2.596s] [ 37%] [32mBuilding CXX object CMakeFiles/turtlesim__rosidl_typesupport_c.dir/rosidl_typesupport_c/turtlesim/msg/pose__type_support.cpp.o[0m
[2.596s] [ 37%] [32mBuilding CXX object CMakeFiles/turtlesim__rosidl_typesupport_c.dir/rosidl_typesupport_c/turtlesim/msg/color__type_support.cpp.o[0m
[2.600s] [ 37%] [32mBuilding CXX object CMakeFiles/turtlesim__rosidl_typesupport_c.dir/rosidl_typesupport_c/turtlesim/action/rotate_absolute__type_support.cpp.o[0m
[2.602s] [ 38%] [32mBuilding CXX object CMakeFiles/turtlesim__rosidl_typesupport_c.dir/rosidl_typesupport_c/turtlesim/srv/kill__type_support.cpp.o[0m
[2.639s] [ 39%] [32mBuilding CXX object CMakeFiles/turtlesim__rosidl_typesupport_c.dir/rosidl_typesupport_c/turtlesim/srv/set_pen__type_support.cpp.o[0m
[2.639s] [ 40%] [32mBuilding CXX object CMakeFiles/turtlesim__rosidl_typesupport_c.dir/rosidl_typesupport_c/turtlesim/srv/spawn__type_support.cpp.o[0m
[2.648s] [ 41%] [32mBuilding CXX object CMakeFiles/turtlesim__rosidl_typesupport_c.dir/rosidl_typesupport_c/turtlesim/srv/teleport_absolute__type_support.cpp.o[0m
[2.677s] [ 42%] [32mBuilding CXX object CMakeFiles/turtlesim__rosidl_typesupport_c.dir/rosidl_typesupport_c/turtlesim/srv/teleport_relative__type_support.cpp.o[0m
[2.710s] [ 43%] [32m[1mLinking CXX shared library libturtlesim__rosidl_typesupport_c.so[0m
[2.713s] [ 44%] [32mBuilding CXX object CMakeFiles/turtlesim__rosidl_typesupport_fastrtps_cpp.dir/rosidl_typesupport_fastrtps_cpp/turtlesim/action/detail/dds_fastrtps/rotate_absolute__type_support.cpp.o[0m
[2.716s] [ 45%] [32m[1mLinking CXX shared library libturtlesim__rosidl_typesupport_cpp.so[0m
[2.720s] [ 46%] [32mBuilding CXX object CMakeFiles/turtlesim__rosidl_typesupport_fastrtps_cpp.dir/rosidl_typesupport_fastrtps_cpp/turtlesim/msg/detail/dds_fastrtps/pose__type_support.cpp.o[0m
[2.720s] [ 47%] [32mBuilding CXX object CMakeFiles/turtlesim__rosidl_typesupport_fastrtps_cpp.dir/rosidl_typesupport_fastrtps_cpp/turtlesim/msg/detail/dds_fastrtps/color__type_support.cpp.o[0m
[2.733s] [ 48%] [32mBuilding CXX object CMakeFiles/turtlesim__rosidl_typesupport_fastrtps_cpp.dir/rosidl_typesupport_fastrtps_cpp/turtlesim/srv/detail/dds_fastrtps/kill__type_support.cpp.o[0m
[2.765s] [ 48%] Built target turtlesim__rosidl_typesupport_c
[2.775s] [ 49%] [32mBuilding CXX object CMakeFiles/turtlesim__rosidl_typesupport_fastrtps_cpp.dir/rosidl_typesupport_fastrtps_cpp/turtlesim/srv/detail/dds_fastrtps/set_pen__type_support.cpp.o[0m
[2.779s] [ 49%] Built target turtlesim__rosidl_typesupport_cpp
[2.787s] [ 50%] [34m[1mGenerating include/turtlesim/moc_turtle_frame.cpp[0m
[2.793s] [ 51%] [32mBuilding C object CMakeFiles/turtlesim__rosidl_typesupport_introspection_c.dir/rosidl_typesupport_introspection_c/turtlesim/action/detail/rotate_absolute__type_support.c.o[0m
[2.860s] [ 52%] [32mBuilding C object CMakeFiles/turtlesim__rosidl_typesupport_introspection_c.dir/rosidl_typesupport_introspection_c/turtlesim/msg/detail/color__type_support.c.o[0m
[2.895s] [ 53%] [32mBuilding CXX object CMakeFiles/turtlesim_node.dir/src/turtlesim.cpp.o[0m
[2.902s] [ 54%] [32mBuilding C object CMakeFiles/turtlesim__rosidl_typesupport_introspection_c.dir/rosidl_typesupport_introspection_c/turtlesim/msg/detail/pose__type_support.c.o[0m
[2.910s] [ 55%] [32mBuilding C object CMakeFiles/turtlesim__rosidl_typesupport_introspection_c.dir/rosidl_typesupport_introspection_c/turtlesim/srv/detail/kill__type_support.c.o[0m
[2.947s] [ 56%] [32mBuilding CXX object CMakeFiles/turtlesim_node.dir/src/turtle.cpp.o[0m
[2.950s] [ 57%] [32mBuilding CXX object CMakeFiles/turtlesim_node.dir/src/turtle_frame.cpp.o[0m
[2.951s] [ 58%] [32mBuilding CXX object CMakeFiles/turtlesim_node.dir/include/turtlesim/moc_turtle_frame.cpp.o[0m
[2.961s] [ 59%] [32mBuilding C object CMakeFiles/turtlesim__rosidl_typesupport_introspection_c.dir/rosidl_typesupport_introspection_c/turtlesim/srv/detail/set_pen__type_support.c.o[0m
[3.004s] [ 60%] [32mBuilding C object CMakeFiles/turtlesim__rosidl_typesupport_introspection_c.dir/rosidl_typesupport_introspection_c/turtlesim/srv/detail/spawn__type_support.c.o[0m
[3.016s] [ 61%] [32mBuilding CXX object CMakeFiles/turtle_teleop_key.dir/tutorials/teleop_turtle_key.cpp.o[0m
[3.037s] [ 62%] [32mBuilding CXX object CMakeFiles/turtlesim__rosidl_typesupport_fastrtps_c.dir/rosidl_typesupport_fastrtps_c/turtlesim/action/detail/rotate_absolute__type_support_c.cpp.o[0m
[3.051s] [ 63%] [32mBuilding C object CMakeFiles/turtlesim__rosidl_typesupport_introspection_c.dir/rosidl_typesupport_introspection_c/turtlesim/srv/detail/teleport_absolute__type_support.c.o[0m
[3.073s] [ 64%] [32mBuilding CXX object CMakeFiles/turtlesim__rosidl_typesupport_fastrtps_c.dir/rosidl_typesupport_fastrtps_c/turtlesim/msg/detail/color__type_support_c.cpp.o[0m
[3.095s] [ 65%] [32mBuilding CXX object CMakeFiles/draw_square.dir/tutorials/draw_square.cpp.o[0m
[3.095s] [ 66%] [32mBuilding C object CMakeFiles/turtlesim__rosidl_typesupport_introspection_c.dir/rosidl_typesupport_introspection_c/turtlesim/srv/detail/teleport_relative__type_support.c.o[0m
[3.141s] [ 67%] [32m[1mLinking C shared library libturtlesim__rosidl_typesupport_introspection_c.so[0m
[3.162s] [ 68%] [32mBuilding CXX object CMakeFiles/mimic.dir/tutorials/mimic.cpp.o[0m
[3.170s] [ 69%] [32m[1mLinking CXX shared library libturtlesim__rosidl_typesupport_introspection_cpp.so[0m
[3.188s] [ 69%] Built target turtlesim__rosidl_typesupport_introspection_c
[3.199s] [ 70%] [32mBuilding CXX object CMakeFiles/turtlesim__rosidl_typesupport_fastrtps_cpp.dir/rosidl_typesupport_fastrtps_cpp/turtlesim/srv/detail/dds_fastrtps/spawn__type_support.cpp.o[0m
[3.252s] [ 71%] [32mBuilding CXX object CMakeFiles/turtlesim__rosidl_typesupport_fastrtps_c.dir/rosidl_typesupport_fastrtps_c/turtlesim/msg/detail/pose__type_support_c.cpp.o[0m
[3.270s] [ 71%] Built target turtlesim__rosidl_typesupport_introspection_cpp
[3.274s] [ 72%] [32mBuilding CXX object CMakeFiles/turtlesim__rosidl_typesupport_fastrtps_c.dir/rosidl_typesupport_fastrtps_c/turtlesim/srv/detail/kill__type_support_c.cpp.o[0m
[3.281s] [ 73%] [32mBuilding CXX object CMakeFiles/turtlesim__rosidl_typesupport_fastrtps_c.dir/rosidl_typesupport_fastrtps_c/turtlesim/srv/detail/set_pen__type_support_c.cpp.o[0m
[3.283s] [ 74%] [32mBuilding CXX object CMakeFiles/turtlesim__rosidl_typesupport_fastrtps_cpp.dir/rosidl_typesupport_fastrtps_cpp/turtlesim/srv/detail/dds_fastrtps/teleport_absolute__type_support.cpp.o[0m
[3.298s] [ 75%] [32mBuilding CXX object CMakeFiles/turtlesim__rosidl_typesupport_fastrtps_cpp.dir/rosidl_typesupport_fastrtps_cpp/turtlesim/srv/detail/dds_fastrtps/teleport_relative__type_support.cpp.o[0m
[3.429s] [ 76%] [32mBuilding CXX object CMakeFiles/turtlesim__rosidl_typesupport_fastrtps_c.dir/rosidl_typesupport_fastrtps_c/turtlesim/srv/detail/spawn__type_support_c.cpp.o[0m
[3.491s] [ 77%] [32mBuilding CXX object CMakeFiles/turtlesim__rosidl_typesupport_fastrtps_c.dir/rosidl_typesupport_fastrtps_c/turtlesim/srv/detail/teleport_absolute__type_support_c.cpp.o[0m
[3.577s] [ 78%] [32mBuilding CXX object CMakeFiles/turtlesim__rosidl_typesupport_fastrtps_c.dir/rosidl_typesupport_fastrtps_c/turtlesim/srv/detail/teleport_relative__type_support_c.cpp.o[0m
[3.827s] [ 79%] [32m[1mLinking CXX shared library libturtlesim__rosidl_typesupport_fastrtps_cpp.so[0m
[3.893s] [ 79%] Built target turtlesim__rosidl_typesupport_fastrtps_cpp
[4.031s] [ 80%] [32m[1mLinking CXX shared library libturtlesim__rosidl_typesupport_fastrtps_c.so[0m
[4.112s] [ 80%] Built target turtlesim__rosidl_typesupport_fastrtps_c
[4.135s] [ 80%] Built target turtlesim
[4.157s] [ 81%] [34m[1mGenerating Python code for ROS interfaces[0m
[6.018s] [ 81%] Built target turtlesim__py
[6.042s] [ 83%] [32mBuilding C object CMakeFiles/turtlesim__rosidl_generator_py.dir/rosidl_generator_py/turtlesim/action/_rotate_absolute_s.c.o[0m
[6.043s] [ 83%] [32mBuilding C object CMakeFiles/turtlesim__rosidl_generator_py.dir/rosidl_generator_py/turtlesim/msg/_color_s.c.o[0m
[6.043s] [ 84%] [32mBuilding C object CMakeFiles/turtlesim__rosidl_generator_py.dir/rosidl_generator_py/turtlesim/srv/_kill_s.c.o[0m
[6.043s] [ 85%] [32mBuilding C object CMakeFiles/turtlesim__rosidl_generator_py.dir/rosidl_generator_py/turtlesim/srv/_spawn_s.c.o[0m
[6.044s] [ 86%] [32mBuilding C object CMakeFiles/turtlesim__rosidl_generator_py.dir/rosidl_generator_py/turtlesim/msg/_pose_s.c.o[0m
[6.044s] [ 87%] [32mBuilding C object CMakeFiles/turtlesim__rosidl_generator_py.dir/rosidl_generator_py/turtlesim/srv/_teleport_relative_s.c.o[0m
[6.047s] [ 88%] [32mBuilding C object CMakeFiles/turtlesim__rosidl_generator_py.dir/rosidl_generator_py/turtlesim/srv/_teleport_absolute_s.c.o[0m
[6.048s] [ 89%] [32mBuilding C object CMakeFiles/turtlesim__rosidl_generator_py.dir/rosidl_generator_py/turtlesim/srv/_set_pen_s.c.o[0m
[6.258s] [ 90%] [32m[1mLinking C shared library rosidl_generator_py/turtlesim/libturtlesim__rosidl_generator_py.so[0m
[6.302s] [ 90%] Built target turtlesim__rosidl_generator_py
[6.320s] [ 91%] [32mBuilding C object CMakeFiles/turtlesim__rosidl_typesupport_c__pyext.dir/rosidl_generator_py/turtlesim/_turtlesim_s.ep.rosidl_typesupport_c.c.o[0m
[6.323s] [ 92%] [32mBuilding C object CMakeFiles/turtlesim__rosidl_typesupport_fastrtps_c__pyext.dir/rosidl_generator_py/turtlesim/_turtlesim_s.ep.rosidl_typesupport_fastrtps_c.c.o[0m
[6.324s] [ 93%] [32mBuilding C object CMakeFiles/turtlesim__rosidl_typesupport_introspection_c__pyext.dir/rosidl_generator_py/turtlesim/_turtlesim_s.ep.rosidl_typesupport_introspection_c.c.o[0m
[6.453s] [ 94%] [32m[1mLinking C shared library rosidl_generator_py/turtlesim/turtlesim_s__rosidl_typesupport_c.cpython-310-x86_64-linux-gnu.so[0m
[6.498s] [ 95%] [32m[1mLinking C shared library rosidl_generator_py/turtlesim/turtlesim_s__rosidl_typesupport_introspection_c.cpython-310-x86_64-linux-gnu.so[0m
[6.503s] [ 95%] Built target turtlesim__rosidl_typesupport_c__pyext
[6.520s] [ 96%] [32m[1mLinking C shared library rosidl_generator_py/turtlesim/turtlesim_s__rosidl_typesupport_fastrtps_c.cpython-310-x86_64-linux-gnu.so[0m
[6.530s] [ 96%] Built target turtlesim__rosidl_typesupport_introspection_c__pyext
[6.567s] [ 96%] Built target turtlesim__rosidl_typesupport_fastrtps_c__pyext
[8.055s] [ 97%] [32m[1mLinking CXX executable turtle_teleop_key[0m
[8.250s] [ 97%] Built target turtle_teleop_key
[9.786s] [ 98%] [32m[1mLinking CXX executable mimic[0m
[10.048s] [ 98%] Built target mimic
[10.952s] [ 99%] [32m[1mLinking CXX executable draw_square[0m
[11.225s] [ 99%] Built target draw_square
[12.101s] [100%] [32m[1mLinking CXX executable turtlesim_node[0m
[13.207s] [100%] Built target turtlesim_node
[13.219s] Invoked command in '/home/preethi/ros2_ws/build/turtlesim' returned '0': CMAKE_PREFIX_PATH=/opt/ros/humble /usr/bin/cmake --build /home/preethi/ros2_ws/build/turtlesim -- -j16 -l16
[13.226s] Invoking command in '/home/preethi/ros2_ws/build/turtlesim': CMAKE_PREFIX_PATH=/opt/ros/humble /usr/bin/cmake --install /home/preethi/ros2_ws/build/turtlesim
[13.234s] -- Install configuration: ""
[13.234s] -- Installing: /home/preethi/ros2_ws/install/turtlesim/share/ament_index/resource_index/rosidl_interfaces/turtlesim
[13.234s] -- Installing: /home/preethi/ros2_ws/install/turtlesim/include/turtlesim/turtlesim
[13.234s] -- Installing: /home/preethi/ros2_ws/install/turtlesim/include/turtlesim/turtlesim/msg
[13.234s] -- Installing: /home/preethi/ros2_ws/install/turtlesim/include/turtlesim/turtlesim/msg/detail
[13.234s] -- Installing: /home/preethi/ros2_ws/install/turtlesim/include/turtlesim/turtlesim/msg/detail/color__type_support.h
[13.234s] -- Installing: /home/preethi/ros2_ws/install/turtlesim/include/turtlesim/turtlesim/msg/detail/pose__type_support.h
[13.234s] -- Installing: /home/preethi/ros2_ws/install/turtlesim/include/turtlesim/turtlesim/msg/detail/pose__functions.h
[13.234s] -- Installing: /home/preethi/ros2_ws/install/turtlesim/include/turtlesim/turtlesim/msg/detail/pose__functions.c
[13.234s] -- Installing: /home/preethi/ros2_ws/install/turtlesim/include/turtlesim/turtlesim/msg/detail/color__struct.h
[13.234s] -- Installing: /home/preethi/ros2_ws/install/turtlesim/include/turtlesim/turtlesim/msg/detail/pose__struct.h
[13.234s] -- Installing: /home/preethi/ros2_ws/install/turtlesim/include/turtlesim/turtlesim/msg/detail/color__functions.c
[13.234s] -- Installing: /home/preethi/ros2_ws/install/turtlesim/include/turtlesim/turtlesim/msg/detail/color__functions.h
[13.234s] -- Installing: /home/preethi/ros2_ws/install/turtlesim/include/turtlesim/turtlesim/msg/color.h
[13.235s] -- Installing: /home/preethi/ros2_ws/install/turtlesim/include/turtlesim/turtlesim/msg/pose.h
[13.235s] -- Installing: /home/preethi/ros2_ws/install/turtlesim/include/turtlesim/turtlesim/msg/rosidl_generator_c__visibility_control.h
[13.235s] -- Installing: /home/preethi/ros2_ws/install/turtlesim/include/turtlesim/turtlesim/action
[13.235s] -- Installing: /home/preethi/ros2_ws/install/turtlesim/include/turtlesim/turtlesim/action/detail
[13.235s] -- Installing: /home/preethi/ros2_ws/install/turtlesim/include/turtlesim/turtlesim/action/detail/rotate_absolute__functions.h
[13.235s] -- Installing: /home/preethi/ros2_ws/install/turtlesim/include/turtlesim/turtlesim/action/detail/rotate_absolute__type_support.h
[13.235s] -- Installing: /home/preethi/ros2_ws/install/turtlesim/include/turtlesim/turtlesim/action/detail/rotate_absolute__struct.h
[13.235s] -- Installing: /home/preethi/ros2_ws/install/turtlesim/include/turtlesim/turtlesim/action/detail/rotate_absolute__functions.c
[13.235s] -- Installing: /home/preethi/ros2_ws/install/turtlesim/include/turtlesim/turtlesim/action/rotate_absolute.h
[13.235s] -- Installing: /home/preethi/ros2_ws/install/turtlesim/include/turtlesim/turtlesim/srv
[13.235s] -- Installing: /home/preethi/ros2_ws/install/turtlesim/include/turtlesim/turtlesim/srv/set_pen.h
[13.235s] -- Installing: /home/preethi/ros2_ws/install/turtlesim/include/turtlesim/turtlesim/srv/detail
[13.235s] -- Installing: /home/preethi/ros2_ws/install/turtlesim/include/turtlesim/turtlesim/srv/detail/spawn__functions.h
[13.235s] -- Installing: /home/preethi/ros2_ws/install/turtlesim/include/turtlesim/turtlesim/srv/detail/teleport_relative__struct.h
[13.235s] -- Installing: /home/preethi/ros2_ws/install/turtlesim/include/turtlesim/turtlesim/srv/detail/spawn__type_support.h
[13.235s] -- Installing: /home/preethi/ros2_ws/install/turtlesim/include/turtlesim/turtlesim/srv/detail/teleport_absolute__functions.h
[13.235s] -- Installing: /home/preethi/ros2_ws/install/turtlesim/include/turtlesim/turtlesim/srv/detail/spawn__struct.h
[13.235s] -- Installing: /home/preethi/ros2_ws/install/turtlesim/include/turtlesim/turtlesim/srv/detail/set_pen__functions.c
[13.235s] -- Installing: /home/preethi/ros2_ws/install/turtlesim/include/turtlesim/turtlesim/srv/detail/teleport_absolute__struct.h
[13.235s] -- Installing: /home/preethi/ros2_ws/install/turtlesim/include/turtlesim/turtlesim/srv/detail/teleport_absolute__type_support.h
[13.235s] -- Installing: /home/preethi/ros2_ws/install/turtlesim/include/turtlesim/turtlesim/srv/detail/teleport_relative__functions.h
[13.236s] -- Installing: /home/preethi/ros2_ws/install/turtlesim/include/turtlesim/turtlesim/srv/detail/spawn__functions.c
[13.236s] -- Installing: /home/preethi/ros2_ws/install/turtlesim/include/turtlesim/turtlesim/srv/detail/kill__type_support.h
[13.236s] -- Installing: /home/preethi/ros2_ws/install/turtlesim/include/turtlesim/turtlesim/srv/detail/set_pen__functions.h
[13.236s] -- Installing: /home/preethi/ros2_ws/install/turtlesim/include/turtlesim/turtlesim/srv/detail/kill__functions.c
[13.236s] -- Installing: /home/preethi/ros2_ws/install/turtlesim/include/turtlesim/turtlesim/srv/detail/teleport_relative__functions.c
[13.236s] -- Installing: /home/preethi/ros2_ws/install/turtlesim/include/turtlesim/turtlesim/srv/detail/set_pen__type_support.h
[13.236s] -- Installing: /home/preethi/ros2_ws/install/turtlesim/include/turtlesim/turtlesim/srv/detail/kill__functions.h
[13.236s] -- Installing: /home/preethi/ros2_ws/install/turtlesim/include/turtlesim/turtlesim/srv/detail/kill__struct.h
[13.236s] -- Installing: /home/preethi/ros2_ws/install/turtlesim/include/turtlesim/turtlesim/srv/detail/teleport_absolute__functions.c
[13.236s] -- Installing: /home/preethi/ros2_ws/install/turtlesim/include/turtlesim/turtlesim/srv/detail/set_pen__struct.h
[13.236s] -- Installing: /home/preethi/ros2_ws/install/turtlesim/include/turtlesim/turtlesim/srv/detail/teleport_relative__type_support.h
[13.236s] -- Installing: /home/preethi/ros2_ws/install/turtlesim/include/turtlesim/turtlesim/srv/teleport_relative.h
[13.236s] -- Installing: /home/preethi/ros2_ws/install/turtlesim/include/turtlesim/turtlesim/srv/teleport_absolute.h
[13.236s] -- Installing: /home/preethi/ros2_ws/install/turtlesim/include/turtlesim/turtlesim/srv/kill.h
[13.236s] -- Installing: /home/preethi/ros2_ws/install/turtlesim/include/turtlesim/turtlesim/srv/spawn.h
[13.236s] -- Installing: /home/preethi/ros2_ws/install/turtlesim/share/turtlesim/environment/library_path.sh
[13.236s] -- Installing: /home/preethi/ros2_ws/install/turtlesim/share/turtlesim/environment/library_path.dsv
[13.236s] -- Installing: /home/preethi/ros2_ws/install/turtlesim/lib/libturtlesim__rosidl_generator_c.so
[13.237s] -- Set runtime path of "/home/preethi/ros2_ws/install/turtlesim/lib/libturtlesim__rosidl_generator_c.so" to ""
[13.237s] -- Up-to-date: /home/preethi/ros2_ws/install/turtlesim/include/turtlesim/turtlesim
[13.237s] -- Up-to-date: /home/preethi/ros2_ws/install/turtlesim/include/turtlesim/turtlesim/msg
[13.237s] -- Up-to-date: /home/preethi/ros2_ws/install/turtlesim/include/turtlesim/turtlesim/msg/detail
[13.237s] -- Installing: /home/preethi/ros2_ws/install/turtlesim/include/turtlesim/turtlesim/msg/detail/pose__rosidl_typesupport_fastrtps_c.h
[13.237s] -- Installing: /home/preethi/ros2_ws/install/turtlesim/include/turtlesim/turtlesim/msg/detail/color__rosidl_typesupport_fastrtps_c.h
[13.237s] -- Installing: /home/preethi/ros2_ws/install/turtlesim/include/turtlesim/turtlesim/msg/rosidl_typesupport_fastrtps_c__visibility_control.h
[13.237s] -- Up-to-date: /home/preethi/ros2_ws/install/turtlesim/include/turtlesim/turtlesim/action
[13.237s] -- Up-to-date: /home/preethi/ros2_ws/install/turtlesim/include/turtlesim/turtlesim/action/detail
[13.237s] -- Installing: /home/preethi/ros2_ws/install/turtlesim/include/turtlesim/turtlesim/action/detail/rotate_absolute__rosidl_typesupport_fastrtps_c.h
[13.237s] -- Up-to-date: /home/preethi/ros2_ws/install/turtlesim/include/turtlesim/turtlesim/srv
[13.237s] -- Up-to-date: /home/preethi/ros2_ws/install/turtlesim/include/turtlesim/turtlesim/srv/detail
[13.237s] -- Installing: /home/preethi/ros2_ws/install/turtlesim/include/turtlesim/turtlesim/srv/detail/teleport_absolute__rosidl_typesupport_fastrtps_c.h
[13.237s] -- Installing: /home/preethi/ros2_ws/install/turtlesim/include/turtlesim/turtlesim/srv/detail/teleport_relative__rosidl_typesupport_fastrtps_c.h
[13.237s] -- Installing: /home/preethi/ros2_ws/install/turtlesim/include/turtlesim/turtlesim/srv/detail/spawn__rosidl_typesupport_fastrtps_c.h
[13.237s] -- Installing: /home/preethi/ros2_ws/install/turtlesim/include/turtlesim/turtlesim/srv/detail/kill__rosidl_typesupport_fastrtps_c.h
[13.237s] -- Installing: /home/preethi/ros2_ws/install/turtlesim/include/turtlesim/turtlesim/srv/detail/set_pen__rosidl_typesupport_fastrtps_c.h
[13.237s] -- Installing: /home/preethi/ros2_ws/install/turtlesim/lib/libturtlesim__rosidl_typesupport_fastrtps_c.so
[13.237s] -- Set runtime path of "/home/preethi/ros2_ws/install/turtlesim/lib/libturtlesim__rosidl_typesupport_fastrtps_c.so" to ""
[13.237s] -- Up-to-date: /home/preethi/ros2_ws/install/turtlesim/include/turtlesim/turtlesim
[13.237s] -- Up-to-date: /home/preethi/ros2_ws/install/turtlesim/include/turtlesim/turtlesim/msg
[13.237s] -- Installing: /home/preethi/ros2_ws/install/turtlesim/include/turtlesim/turtlesim/msg/color.hpp
[13.238s] -- Installing: /home/preethi/ros2_ws/install/turtlesim/include/turtlesim/turtlesim/msg/pose.hpp
[13.238s] -- Up-to-date: /home/preethi/ros2_ws/install/turtlesim/include/turtlesim/turtlesim/msg/detail
[13.238s] -- Installing: /home/preethi/ros2_ws/install/turtlesim/include/turtlesim/turtlesim/msg/detail/color__type_support.hpp
[13.238s] -- Installing: /home/preethi/ros2_ws/install/turtlesim/include/turtlesim/turtlesim/msg/detail/pose__traits.hpp
[13.238s] -- Installing: /home/preethi/ros2_ws/install/turtlesim/include/turtlesim/turtlesim/msg/detail/pose__type_support.hpp
[13.238s] -- Installing: /home/preethi/ros2_ws/install/turtlesim/include/turtlesim/turtlesim/msg/detail/color__traits.hpp
[13.238s] -- Installing: /home/preethi/ros2_ws/install/turtlesim/include/turtlesim/turtlesim/msg/detail/color__struct.hpp
[13.238s] -- Installing: /home/preethi/ros2_ws/install/turtlesim/include/turtlesim/turtlesim/msg/detail/pose__builder.hpp
[13.238s] -- Installing: /home/preethi/ros2_ws/install/turtlesim/include/turtlesim/turtlesim/msg/detail/color__builder.hpp
[13.238s] -- Installing: /home/preethi/ros2_ws/install/turtlesim/include/turtlesim/turtlesim/msg/detail/pose__struct.hpp
[13.238s] -- Installing: /home/preethi/ros2_ws/install/turtlesim/include/turtlesim/turtlesim/msg/rosidl_generator_cpp__visibility_control.hpp
[13.238s] -- Up-to-date: /home/preethi/ros2_ws/install/turtlesim/include/turtlesim/turtlesim/action
[13.238s] -- Installing: /home/preethi/ros2_ws/install/turtlesim/include/turtlesim/turtlesim/action/rotate_absolute.hpp
[13.238s] -- Up-to-date: /home/preethi/ros2_ws/install/turtlesim/include/turtlesim/turtlesim/action/detail
[13.238s] -- Installing: /home/preethi/ros2_ws/install/turtlesim/include/turtlesim/turtlesim/action/detail/rotate_absolute__struct.hpp
[13.238s] -- Installing: /home/preethi/ros2_ws/install/turtlesim/include/turtlesim/turtlesim/action/detail/rotate_absolute__traits.hpp
[13.238s] -- Installing: /home/preethi/ros2_ws/install/turtlesim/include/turtlesim/turtlesim/action/detail/rotate_absolute__type_support.hpp
[13.238s] -- Installing: /home/preethi/ros2_ws/install/turtlesim/include/turtlesim/turtlesim/action/detail/rotate_absolute__builder.hpp
[13.238s] -- Up-to-date: /home/preethi/ros2_ws/install/turtlesim/include/turtlesim/turtlesim/srv
[13.238s] -- Installing: /home/preethi/ros2_ws/install/turtlesim/include/turtlesim/turtlesim/srv/spawn.hpp
[13.238s] -- Installing: /home/preethi/ros2_ws/install/turtlesim/include/turtlesim/turtlesim/srv/teleport_absolute.hpp
[13.238s] -- Up-to-date: /home/preethi/ros2_ws/install/turtlesim/include/turtlesim/turtlesim/srv/detail
[13.238s] -- Installing: /home/preethi/ros2_ws/install/turtlesim/include/turtlesim/turtlesim/srv/detail/set_pen__traits.hpp
[13.238s] -- Installing: /home/preethi/ros2_ws/install/turtlesim/include/turtlesim/turtlesim/srv/detail/spawn__struct.hpp
[13.238s] -- Installing: /home/preethi/ros2_ws/install/turtlesim/include/turtlesim/turtlesim/srv/detail/teleport_relative__type_support.hpp
[13.238s] -- Installing: /home/preethi/ros2_ws/install/turtlesim/include/turtlesim/turtlesim/srv/detail/teleport_absolute__builder.hpp
[13.239s] -- Installing: /home/preethi/ros2_ws/install/turtlesim/include/turtlesim/turtlesim/srv/detail/teleport_absolute__traits.hpp
[13.239s] -- Installing: /home/preethi/ros2_ws/install/turtlesim/include/turtlesim/turtlesim/srv/detail/set_pen__type_support.hpp
[13.239s] -- Installing: /home/preethi/ros2_ws/install/turtlesim/include/turtlesim/turtlesim/srv/detail/teleport_relative__builder.hpp
[13.239s] -- Installing: /home/preethi/ros2_ws/install/turtlesim/include/turtlesim/turtlesim/srv/detail/kill__struct.hpp
[13.239s] -- Installing: /home/preethi/ros2_ws/install/turtlesim/include/turtlesim/turtlesim/srv/detail/teleport_absolute__struct.hpp
[13.239s] -- Installing: /home/preethi/ros2_ws/install/turtlesim/include/turtlesim/turtlesim/srv/detail/teleport_absolute__type_support.hpp
[13.239s] -- Installing: /home/preethi/ros2_ws/install/turtlesim/include/turtlesim/turtlesim/srv/detail/spawn__builder.hpp
[13.239s] -- Installing: /home/preethi/ros2_ws/install/turtlesim/include/turtlesim/turtlesim/srv/detail/teleport_relative__struct.hpp
[13.239s] -- Installing: /home/preethi/ros2_ws/install/turtlesim/include/turtlesim/turtlesim/srv/detail/kill__traits.hpp
[13.239s] -- Installing: /home/preethi/ros2_ws/install/turtlesim/include/turtlesim/turtlesim/srv/detail/spawn__type_support.hpp
[13.239s] -- Installing: /home/preethi/ros2_ws/install/turtlesim/include/turtlesim/turtlesim/srv/detail/teleport_relative__traits.hpp
[13.239s] -- Installing: /home/preethi/ros2_ws/install/turtlesim/include/turtlesim/turtlesim/srv/detail/set_pen__struct.hpp
[13.239s] -- Installing: /home/preethi/ros2_ws/install/turtlesim/include/turtlesim/turtlesim/srv/detail/spawn__traits.hpp
[13.239s] -- Installing: /home/preethi/ros2_ws/install/turtlesim/include/turtlesim/turtlesim/srv/detail/kill__builder.hpp
[13.239s] -- Installing: /home/preethi/ros2_ws/install/turtlesim/include/turtlesim/turtlesim/srv/detail/kill__type_support.hpp
[13.239s] -- Installing: /home/preethi/ros2_ws/install/turtlesim/include/turtlesim/turtlesim/srv/detail/set_pen__builder.hpp
[13.239s] -- Installing: /home/preethi/ros2_ws/install/turtlesim/include/turtlesim/turtlesim/srv/kill.hpp
[13.239s] -- Installing: /home/preethi/ros2_ws/install/turtlesim/include/turtlesim/turtlesim/srv/teleport_relative.hpp
[13.239s] -- Installing: /home/preethi/ros2_ws/install/turtlesim/include/turtlesim/turtlesim/srv/set_pen.hpp
[13.239s] -- Up-to-date: /home/preethi/ros2_ws/install/turtlesim/include/turtlesim/turtlesim
[13.239s] -- Up-to-date: /home/preethi/ros2_ws/install/turtlesim/include/turtlesim/turtlesim/msg
[13.239s] -- Up-to-date: /home/preethi/ros2_ws/install/turtlesim/include/turtlesim/turtlesim/msg/detail
[13.239s] -- Installing: /home/preethi/ros2_ws/install/turtlesim/include/turtlesim/turtlesim/msg/detail/color__rosidl_typesupport_fastrtps_cpp.hpp
[13.239s] -- Installing: /home/preethi/ros2_ws/install/turtlesim/include/turtlesim/turtlesim/msg/detail/dds_fastrtps
[13.239s] -- Installing: /home/preethi/ros2_ws/install/turtlesim/include/turtlesim/turtlesim/msg/detail/pose__rosidl_typesupport_fastrtps_cpp.hpp
[13.240s] -- Installing: /home/preethi/ros2_ws/install/turtlesim/include/turtlesim/turtlesim/msg/rosidl_typesupport_fastrtps_cpp__visibility_control.h
[13.240s] -- Up-to-date: /home/preethi/ros2_ws/install/turtlesim/include/turtlesim/turtlesim/action
[13.240s] -- Up-to-date: /home/preethi/ros2_ws/install/turtlesim/include/turtlesim/turtlesim/action/detail
[13.240s] -- Installing: /home/preethi/ros2_ws/install/turtlesim/include/turtlesim/turtlesim/action/detail/dds_fastrtps
[13.240s] -- Installing: /home/preethi/ros2_ws/install/turtlesim/include/turtlesim/turtlesim/action/detail/rotate_absolute__rosidl_typesupport_fastrtps_cpp.hpp
[13.240s] -- Up-to-date: /home/preethi/ros2_ws/install/turtlesim/include/turtlesim/turtlesim/srv
[13.240s] -- Up-to-date: /home/preethi/ros2_ws/install/turtlesim/include/turtlesim/turtlesim/srv/detail
[13.240s] -- Installing: /home/preethi/ros2_ws/install/turtlesim/include/turtlesim/turtlesim/srv/detail/teleport_absolute__rosidl_typesupport_fastrtps_cpp.hpp
[13.240s] -- Installing: /home/preethi/ros2_ws/install/turtlesim/include/turtlesim/turtlesim/srv/detail/teleport_relative__rosidl_typesupport_fastrtps_cpp.hpp
[13.240s] -- Installing: /home/preethi/ros2_ws/install/turtlesim/include/turtlesim/turtlesim/srv/detail/set_pen__rosidl_typesupport_fastrtps_cpp.hpp
[13.240s] -- Installing: /home/preethi/ros2_ws/install/turtlesim/include/turtlesim/turtlesim/srv/detail/dds_fastrtps
[13.240s] -- Installing: /home/preethi/ros2_ws/install/turtlesim/include/turtlesim/turtlesim/srv/detail/kill__rosidl_typesupport_fastrtps_cpp.hpp
[13.240s] -- Installing: /home/preethi/ros2_ws/install/turtlesim/include/turtlesim/turtlesim/srv/detail/spawn__rosidl_typesupport_fastrtps_cpp.hpp
[13.240s] -- Installing: /home/preethi/ros2_ws/install/turtlesim/lib/libturtlesim__rosidl_typesupport_fastrtps_cpp.so
[13.240s] -- Set runtime path of "/home/preethi/ros2_ws/install/turtlesim/lib/libturtlesim__rosidl_typesupport_fastrtps_cpp.so" to ""
[13.240s] -- Up-to-date: /home/preethi/ros2_ws/install/turtlesim/include/turtlesim/turtlesim
[13.241s] -- Up-to-date: /home/preethi/ros2_ws/install/turtlesim/include/turtlesim/turtlesim/msg
[13.241s] -- Up-to-date: /home/preethi/ros2_ws/install/turtlesim/include/turtlesim/turtlesim/msg/detail
[13.241s] -- Installing: /home/preethi/ros2_ws/install/turtlesim/include/turtlesim/turtlesim/msg/detail/color__rosidl_typesupport_introspection_c.h
[13.241s] -- Installing: /home/preethi/ros2_ws/install/turtlesim/include/turtlesim/turtlesim/msg/detail/pose__type_support.c
[13.241s] -- Installing: /home/preethi/ros2_ws/install/turtlesim/include/turtlesim/turtlesim/msg/detail/pose__rosidl_typesupport_introspection_c.h
[13.241s] -- Installing: /home/preethi/ros2_ws/install/turtlesim/include/turtlesim/turtlesim/msg/detail/color__type_support.c
[13.241s] -- Installing: /home/preethi/ros2_ws/install/turtlesim/include/turtlesim/turtlesim/msg/rosidl_typesupport_introspection_c__visibility_control.h
[13.241s] -- Up-to-date: /home/preethi/ros2_ws/install/turtlesim/include/turtlesim/turtlesim/action
[13.241s] -- Up-to-date: /home/preethi/ros2_ws/install/turtlesim/include/turtlesim/turtlesim/action/detail
[13.241s] -- Installing: /home/preethi/ros2_ws/install/turtlesim/include/turtlesim/turtlesim/action/detail/rotate_absolute__type_support.c
[13.241s] -- Installing: /home/preethi/ros2_ws/install/turtlesim/include/turtlesim/turtlesim/action/detail/rotate_absolute__rosidl_typesupport_introspection_c.h
[13.241s] -- Up-to-date: /home/preethi/ros2_ws/install/turtlesim/include/turtlesim/turtlesim/srv
[13.241s] -- Up-to-date: /home/preethi/ros2_ws/install/turtlesim/include/turtlesim/turtlesim/srv/detail
[13.241s] -- Installing: /home/preethi/ros2_ws/install/turtlesim/include/turtlesim/turtlesim/srv/detail/teleport_absolute__type_support.c
[13.241s] -- Installing: /home/preethi/ros2_ws/install/turtlesim/include/turtlesim/turtlesim/srv/detail/kill__rosidl_typesupport_introspection_c.h
[13.241s] -- Installing: /home/preethi/ros2_ws/install/turtlesim/include/turtlesim/turtlesim/srv/detail/set_pen__type_support.c
[13.241s] -- Installing: /home/preethi/ros2_ws/install/turtlesim/include/turtlesim/turtlesim/srv/detail/spawn__rosidl_typesupport_introspection_c.h
[13.241s] -- Installing: /home/preethi/ros2_ws/install/turtlesim/include/turtlesim/turtlesim/srv/detail/teleport_relative__type_support.c
[13.241s] -- Installing: /home/preethi/ros2_ws/install/turtlesim/include/turtlesim/turtlesim/srv/detail/spawn__type_support.c
[13.242s] -- Installing: /home/preethi/ros2_ws/install/turtlesim/include/turtlesim/turtlesim/srv/detail/teleport_absolute__rosidl_typesupport_introspection_c.h
[13.242s] -- Installing: /home/preethi/ros2_ws/install/turtlesim/include/turtlesim/turtlesim/srv/detail/teleport_relative__rosidl_typesupport_introspection_c.h
[13.242s] -- Installing: /home/preethi/ros2_ws/install/turtlesim/include/turtlesim/turtlesim/srv/detail/set_pen__rosidl_typesupport_introspection_c.h
[13.242s] -- Installing: /home/preethi/ros2_ws/install/turtlesim/include/turtlesim/turtlesim/srv/detail/kill__type_support.c
[13.242s] -- Installing: /home/preethi/ros2_ws/install/turtlesim/lib/libturtlesim__rosidl_typesupport_introspection_c.so
[13.242s] -- Set runtime path of "/home/preethi/ros2_ws/install/turtlesim/lib/libturtlesim__rosidl_typesupport_introspection_c.so" to ""
[13.242s] -- Installing: /home/preethi/ros2_ws/install/turtlesim/lib/libturtlesim__rosidl_typesupport_c.so
[13.242s] -- Set runtime path of "/home/preethi/ros2_ws/install/turtlesim/lib/libturtlesim__rosidl_typesupport_c.so" to ""
[13.242s] -- Up-to-date: /home/preethi/ros2_ws/install/turtlesim/include/turtlesim/turtlesim
[13.242s] -- Up-to-date: /home/preethi/ros2_ws/install/turtlesim/include/turtlesim/turtlesim/msg
[13.242s] -- Up-to-date: /home/preethi/ros2_ws/install/turtlesim/include/turtlesim/turtlesim/msg/detail
[13.242s] -- Installing: /home/preethi/ros2_ws/install/turtlesim/include/turtlesim/turtlesim/msg/detail/pose__rosidl_typesupport_introspection_cpp.hpp
[13.242s] -- Installing: /home/preethi/ros2_ws/install/turtlesim/include/turtlesim/turtlesim/msg/detail/pose__type_support.cpp
[13.242s] -- Installing: /home/preethi/ros2_ws/install/turtlesim/include/turtlesim/turtlesim/msg/detail/color__rosidl_typesupport_introspection_cpp.hpp
[13.242s] -- Installing: /home/preethi/ros2_ws/install/turtlesim/include/turtlesim/turtlesim/msg/detail/color__type_support.cpp
[13.242s] -- Up-to-date: /home/preethi/ros2_ws/install/turtlesim/include/turtlesim/turtlesim/action
[13.242s] -- Up-to-date: /home/preethi/ros2_ws/install/turtlesim/include/turtlesim/turtlesim/action/detail
[13.242s] -- Installing: /home/preethi/ros2_ws/install/turtlesim/include/turtlesim/turtlesim/action/detail/rotate_absolute__type_support.cpp
[13.242s] -- Installing: /home/preethi/ros2_ws/install/turtlesim/include/turtlesim/turtlesim/action/detail/rotate_absolute__rosidl_typesupport_introspection_cpp.hpp
[13.242s] -- Up-to-date: /home/preethi/ros2_ws/install/turtlesim/include/turtlesim/turtlesim/srv
[13.243s] -- Up-to-date: /home/preethi/ros2_ws/install/turtlesim/include/turtlesim/turtlesim/srv/detail
[13.243s] -- Installing: /home/preethi/ros2_ws/install/turtlesim/include/turtlesim/turtlesim/srv/detail/spawn__type_support.cpp
[13.243s] -- Installing: /home/preethi/ros2_ws/install/turtlesim/include/turtlesim/turtlesim/srv/detail/kill__type_support.cpp
[13.243s] -- Installing: /home/preethi/ros2_ws/install/turtlesim/include/turtlesim/turtlesim/srv/detail/teleport_absolute__rosidl_typesupport_introspection_cpp.hpp
[13.243s] -- Installing: /home/preethi/ros2_ws/install/turtlesim/include/turtlesim/turtlesim/srv/detail/teleport_relative__type_support.cpp
[13.243s] -- Installing: /home/preethi/ros2_ws/install/turtlesim/include/turtlesim/turtlesim/srv/detail/spawn__rosidl_typesupport_introspection_cpp.hpp
[13.243s] -- Installing: /home/preethi/ros2_ws/install/turtlesim/include/turtlesim/turtlesim/srv/detail/set_pen__rosidl_typesupport_introspection_cpp.hpp
[13.243s] -- Installing: /home/preethi/ros2_ws/install/turtlesim/include/turtlesim/turtlesim/srv/detail/set_pen__type_support.cpp
[13.243s] -- Installing: /home/preethi/ros2_ws/install/turtlesim/include/turtlesim/turtlesim/srv/detail/teleport_absolute__type_support.cpp
[13.243s] -- Installing: /home/preethi/ros2_ws/install/turtlesim/include/turtlesim/turtlesim/srv/detail/teleport_relative__rosidl_typesupport_introspection_cpp.hpp
[13.243s] -- Installing: /home/preethi/ros2_ws/install/turtlesim/include/turtlesim/turtlesim/srv/detail/kill__rosidl_typesupport_introspection_cpp.hpp
[13.243s] -- Installing: /home/preethi/ros2_ws/install/turtlesim/lib/libturtlesim__rosidl_typesupport_introspection_cpp.so
[13.243s] -- Set runtime path of "/home/preethi/ros2_ws/install/turtlesim/lib/libturtlesim__rosidl_typesupport_introspection_cpp.so" to ""
[13.243s] -- Installing: /home/preethi/ros2_ws/install/turtlesim/lib/libturtlesim__rosidl_typesupport_cpp.so
[13.243s] -- Set runtime path of "/home/preethi/ros2_ws/install/turtlesim/lib/libturtlesim__rosidl_typesupport_cpp.so" to ""
[13.244s] -- Installing: /home/preethi/ros2_ws/install/turtlesim/share/turtlesim/environment/pythonpath.sh
[13.244s] -- Installing: /home/preethi/ros2_ws/install/turtlesim/share/turtlesim/environment/pythonpath.dsv
[13.244s] -- Installing: /home/preethi/ros2_ws/install/turtlesim/local/lib/python3.10/dist-packages/turtlesim-1.4.3-py3.10.egg-info
[13.244s] -- Installing: /home/preethi/ros2_ws/install/turtlesim/local/lib/python3.10/dist-packages/turtlesim-1.4.3-py3.10.egg-info/PKG-INFO
[13.244s] -- Installing: /home/preethi/ros2_ws/install/turtlesim/local/lib/python3.10/dist-packages/turtlesim-1.4.3-py3.10.egg-info/dependency_links.txt
[13.244s] -- Installing: /home/preethi/ros2_ws/install/turtlesim/local/lib/python3.10/dist-packages/turtlesim-1.4.3-py3.10.egg-info/top_level.txt
[13.244s] -- Installing: /home/preethi/ros2_ws/install/turtlesim/local/lib/python3.10/dist-packages/turtlesim-1.4.3-py3.10.egg-info/SOURCES.txt
[13.244s] -- Installing: /home/preethi/ros2_ws/install/turtlesim/local/lib/python3.10/dist-packages/turtlesim
[13.244s] -- Installing: /home/preethi/ros2_ws/install/turtlesim/local/lib/python3.10/dist-packages/turtlesim/turtlesim_s__rosidl_typesupport_c.cpython-310-x86_64-linux-gnu.so
[13.244s] -- Installing: /home/preethi/ros2_ws/install/turtlesim/local/lib/python3.10/dist-packages/turtlesim/msg
[13.244s] -- Installing: /home/preethi/ros2_ws/install/turtlesim/local/lib/python3.10/dist-packages/turtlesim/msg/_pose.py
[13.244s] -- Installing: /home/preethi/ros2_ws/install/turtlesim/local/lib/python3.10/dist-packages/turtlesim/msg/_color.py
[13.244s] -- Installing: /home/preethi/ros2_ws/install/turtlesim/local/lib/python3.10/dist-packages/turtlesim/msg/_pose_s.c
[13.244s] -- Installing: /home/preethi/ros2_ws/install/turtlesim/local/lib/python3.10/dist-packages/turtlesim/msg/__init__.py
[13.244s] -- Installing: /home/preethi/ros2_ws/install/turtlesim/local/lib/python3.10/dist-packages/turtlesim/msg/_color_s.c
[13.244s] -- Installing: /home/preethi/ros2_ws/install/turtlesim/local/lib/python3.10/dist-packages/turtlesim/turtlesim_s__rosidl_typesupport_fastrtps_c.cpython-310-x86_64-linux-gnu.so
[13.244s] -- Installing: /home/preethi/ros2_ws/install/turtlesim/local/lib/python3.10/dist-packages/turtlesim/_turtlesim_s.ep.rosidl_typesupport_fastrtps_c.c
[13.244s] -- Installing: /home/preethi/ros2_ws/install/turtlesim/local/lib/python3.10/dist-packages/turtlesim/action
[13.245s] -- Installing: /home/preethi/ros2_ws/install/turtlesim/local/lib/python3.10/dist-packages/turtlesim/action/_rotate_absolute.py
[13.245s] -- Installing: /home/preethi/ros2_ws/install/turtlesim/local/lib/python3.10/dist-packages/turtlesim/action/__init__.py
[13.245s] -- Installing: /home/preethi/ros2_ws/install/turtlesim/local/lib/python3.10/dist-packages/turtlesim/action/_rotate_absolute_s.c
[13.245s] -- Installing: /home/preethi/ros2_ws/install/turtlesim/local/lib/python3.10/dist-packages/turtlesim/__init__.py
[13.245s] -- Installing: /home/preethi/ros2_ws/install/turtlesim/local/lib/python3.10/dist-packages/turtlesim/srv
[13.245s] -- Installing: /home/preethi/ros2_ws/install/turtlesim/local/lib/python3.10/dist-packages/turtlesim/srv/_spawn_s.c
[13.245s] -- Installing: /home/preethi/ros2_ws/install/turtlesim/local/lib/python3.10/dist-packages/turtlesim/srv/_set_pen.py
[13.245s] -- Installing: /home/preethi/ros2_ws/install/turtlesim/local/lib/python3.10/dist-packages/turtlesim/srv/_teleport_absolute.py
[13.245s] -- Installing: /home/preethi/ros2_ws/install/turtlesim/local/lib/python3.10/dist-packages/turtlesim/srv/_teleport_absolute_s.c
[13.245s] -- Installing: /home/preethi/ros2_ws/install/turtlesim/local/lib/python3.10/dist-packages/turtlesim/srv/_kill_s.c
[13.245s] -- Installing: /home/preethi/ros2_ws/install/turtlesim/local/lib/python3.10/dist-packages/turtlesim/srv/_teleport_relative.py
[13.245s] -- Installing: /home/preethi/ros2_ws/install/turtlesim/local/lib/python3.10/dist-packages/turtlesim/srv/_set_pen_s.c
[13.245s] -- Installing: /home/preethi/ros2_ws/install/turtlesim/local/lib/python3.10/dist-packages/turtlesim/srv/__init__.py
[13.245s] -- Installing: /home/preethi/ros2_ws/install/turtlesim/local/lib/python3.10/dist-packages/turtlesim/srv/_teleport_relative_s.c
[13.245s] -- Installing: /home/preethi/ros2_ws/install/turtlesim/local/lib/python3.10/dist-packages/turtlesim/srv/_spawn.py
[13.245s] -- Installing: /home/preethi/ros2_ws/install/turtlesim/local/lib/python3.10/dist-packages/turtlesim/srv/_kill.py
[13.245s] -- Installing: /home/preethi/ros2_ws/install/turtlesim/local/lib/python3.10/dist-packages/turtlesim/turtlesim_s__rosidl_typesupport_introspection_c.cpython-310-x86_64-linux-gnu.so
[13.245s] -- Installing: /home/preethi/ros2_ws/install/turtlesim/local/lib/python3.10/dist-packages/turtlesim/_turtlesim_s.ep.rosidl_typesupport_introspection_c.c
[13.245s] -- Installing: /home/preethi/ros2_ws/install/turtlesim/local/lib/python3.10/dist-packages/turtlesim/_turtlesim_s.ep.rosidl_typesupport_c.c
[13.245s] -- Installing: /home/preethi/ros2_ws/install/turtlesim/local/lib/python3.10/dist-packages/turtlesim/libturtlesim__rosidl_generator_py.so
[13.285s] Listing '/home/preethi/ros2_ws/install/turtlesim/local/lib/python3.10/dist-packages/turtlesim'...
[13.285s] Compiling '/home/preethi/ros2_ws/install/turtlesim/local/lib/python3.10/dist-packages/turtlesim/__init__.py'...
[13.285s] Listing '/home/preethi/ros2_ws/install/turtlesim/local/lib/python3.10/dist-packages/turtlesim/action'...
[13.285s] Compiling '/home/preethi/ros2_ws/install/turtlesim/local/lib/python3.10/dist-packages/turtlesim/action/__init__.py'...
[13.285s] Compiling '/home/preethi/ros2_ws/install/turtlesim/local/lib/python3.10/dist-packages/turtlesim/action/_rotate_absolute.py'...
[13.285s] Listing '/home/preethi/ros2_ws/install/turtlesim/local/lib/python3.10/dist-packages/turtlesim/msg'...
[13.285s] Compiling '/home/preethi/ros2_ws/install/turtlesim/local/lib/python3.10/dist-packages/turtlesim/msg/__init__.py'...
[13.285s] Compiling '/home/preethi/ros2_ws/install/turtlesim/local/lib/python3.10/dist-packages/turtlesim/msg/_color.py'...
[13.285s] Compiling '/home/preethi/ros2_ws/install/turtlesim/local/lib/python3.10/dist-packages/turtlesim/msg/_pose.py'...
[13.285s] Listing '/home/preethi/ros2_ws/install/turtlesim/local/lib/python3.10/dist-packages/turtlesim/srv'...
[13.285s] Compiling '/home/preethi/ros2_ws/install/turtlesim/local/lib/python3.10/dist-packages/turtlesim/srv/__init__.py'...
[13.285s] Compiling '/home/preethi/ros2_ws/install/turtlesim/local/lib/python3.10/dist-packages/turtlesim/srv/_kill.py'...
[13.285s] Compiling '/home/preethi/ros2_ws/install/turtlesim/local/lib/python3.10/dist-packages/turtlesim/srv/_set_pen.py'...
[13.285s] Compiling '/home/preethi/ros2_ws/install/turtlesim/local/lib/python3.10/dist-packages/turtlesim/srv/_spawn.py'...
[13.285s] Compiling '/home/preethi/ros2_ws/install/turtlesim/local/lib/python3.10/dist-packages/turtlesim/srv/_teleport_absolute.py'...
[13.285s] Compiling '/home/preethi/ros2_ws/install/turtlesim/local/lib/python3.10/dist-packages/turtlesim/srv/_teleport_relative.py'...
[13.288s] -- Installing: /home/preethi/ros2_ws/install/turtlesim/local/lib/python3.10/dist-packages/turtlesim/turtlesim_s__rosidl_typesupport_fastrtps_c.cpython-310-x86_64-linux-gnu.so
[13.289s] -- Set runtime path of "/home/preethi/ros2_ws/install/turtlesim/local/lib/python3.10/dist-packages/turtlesim/turtlesim_s__rosidl_typesupport_fastrtps_c.cpython-310-x86_64-linux-gnu.so" to ""
[13.289s] -- Installing: /home/preethi/ros2_ws/install/turtlesim/local/lib/python3.10/dist-packages/turtlesim/turtlesim_s__rosidl_typesupport_introspection_c.cpython-310-x86_64-linux-gnu.so
[13.289s] -- Set runtime path of "/home/preethi/ros2_ws/install/turtlesim/local/lib/python3.10/dist-packages/turtlesim/turtlesim_s__rosidl_typesupport_introspection_c.cpython-310-x86_64-linux-gnu.so" to ""
[13.289s] -- Installing: /home/preethi/ros2_ws/install/turtlesim/local/lib/python3.10/dist-packages/turtlesim/turtlesim_s__rosidl_typesupport_c.cpython-310-x86_64-linux-gnu.so
[13.289s] -- Set runtime path of "/home/preethi/ros2_ws/install/turtlesim/local/lib/python3.10/dist-packages/turtlesim/turtlesim_s__rosidl_typesupport_c.cpython-310-x86_64-linux-gnu.so" to ""
[13.290s] -- Installing: /home/preethi/ros2_ws/install/turtlesim/lib/libturtlesim__rosidl_generator_py.so
[13.290s] -- Set runtime path of "/home/preethi/ros2_ws/install/turtlesim/lib/libturtlesim__rosidl_generator_py.so" to ""
[13.290s] -- Installing: /home/preethi/ros2_ws/install/turtlesim/share/ament_index/resource_index/rust_packages/turtlesim
[13.290s] -- Installing: /home/preethi/ros2_ws/install/turtlesim/share/turtlesim/rust
[13.290s] -- Installing: /home/preethi/ros2_ws/install/turtlesim/share/turtlesim/rust/build.rs
[13.290s] -- Installing: /home/preethi/ros2_ws/install/turtlesim/share/turtlesim/rust/Cargo.toml
[13.290s] -- Installing: /home/preethi/ros2_ws/install/turtlesim/share/turtlesim/rust/src
[13.290s] -- Installing: /home/preethi/ros2_ws/install/turtlesim/share/turtlesim/rust/src/msg
[13.290s] -- Installing: /home/preethi/ros2_ws/install/turtlesim/share/turtlesim/rust/src/msg/rmw.rs
[13.291s] -- Installing: /home/preethi/ros2_ws/install/turtlesim/share/turtlesim/rust/src/lib.rs
[13.291s] -- Installing: /home/preethi/ros2_ws/install/turtlesim/share/turtlesim/rust/src/action
[13.291s] -- Installing: /home/preethi/ros2_ws/install/turtlesim/share/turtlesim/rust/src/action/rmw.rs
[13.291s] -- Installing: /home/preethi/ros2_ws/install/turtlesim/share/turtlesim/rust/src/action.rs
[13.291s] -- Installing: /home/preethi/ros2_ws/install/turtlesim/share/turtlesim/rust/src/srv
[13.291s] -- Installing: /home/preethi/ros2_ws/install/turtlesim/share/turtlesim/rust/src/srv/rmw.rs
[13.291s] -- Installing: /home/preethi/ros2_ws/install/turtlesim/share/turtlesim/rust/src/srv.rs
[13.291s] -- Installing: /home/preethi/ros2_ws/install/turtlesim/share/turtlesim/rust/src/msg.rs
[13.291s] -- Installing: /home/preethi/ros2_ws/install/turtlesim/share/turtlesim/action/RotateAbsolute.idl
[13.291s] -- Installing: /home/preethi/ros2_ws/install/turtlesim/share/turtlesim/msg/Color.idl
[13.291s] -- Installing: /home/preethi/ros2_ws/install/turtlesim/share/turtlesim/msg/Pose.idl
[13.291s] -- Installing: /home/preethi/ros2_ws/install/turtlesim/share/turtlesim/srv/Kill.idl
[13.291s] -- Installing: /home/preethi/ros2_ws/install/turtlesim/share/turtlesim/srv/SetPen.idl
[13.291s] -- Installing: /home/preethi/ros2_ws/install/turtlesim/share/turtlesim/srv/Spawn.idl
[13.291s] -- Installing: /home/preethi/ros2_ws/install/turtlesim/share/turtlesim/srv/TeleportAbsolute.idl
[13.291s] -- Installing: /home/preethi/ros2_ws/install/turtlesim/share/turtlesim/srv/TeleportRelative.idl
[13.292s] -- Installing: /home/preethi/ros2_ws/install/turtlesim/share/turtlesim/action/RotateAbsolute.action
[13.292s] -- Installing: /home/preethi/ros2_ws/install/turtlesim/share/turtlesim/msg/Color.msg
[13.292s] -- Installing: /home/preethi/ros2_ws/install/turtlesim/share/turtlesim/msg/Pose.msg
[13.292s] -- Installing: /home/preethi/ros2_ws/install/turtlesim/share/turtlesim/srv/Kill.srv
[13.292s] -- Installing: /home/preethi/ros2_ws/install/turtlesim/share/turtlesim/srv/Kill_Request.msg
[13.292s] -- Installing: /home/preethi/ros2_ws/install/turtlesim/share/turtlesim/srv/Kill_Response.msg
[13.292s] -- Installing: /home/preethi/ros2_ws/install/turtlesim/share/turtlesim/srv/SetPen.srv
[13.292s] -- Installing: /home/preethi/ros2_ws/install/turtlesim/share/turtlesim/srv/SetPen_Request.msg
[13.292s] -- Installing: /home/preethi/ros2_ws/install/turtlesim/share/turtlesim/srv/SetPen_Response.msg
[13.292s] -- Installing: /home/preethi/ros2_ws/install/turtlesim/share/turtlesim/srv/Spawn.srv
[13.292s] -- Installing: /home/preethi/ros2_ws/install/turtlesim/share/turtlesim/srv/Spawn_Request.msg
[13.292s] -- Installing: /home/preethi/ros2_ws/install/turtlesim/share/turtlesim/srv/Spawn_Response.msg
[13.292s] -- Installing: /home/preethi/ros2_ws/install/turtlesim/share/turtlesim/srv/TeleportAbsolute.srv
[13.292s] -- Installing: /home/preethi/ros2_ws/install/turtlesim/share/turtlesim/srv/TeleportAbsolute_Request.msg
[13.292s] -- Installing: /home/preethi/ros2_ws/install/turtlesim/share/turtlesim/srv/TeleportAbsolute_Response.msg
[13.292s] -- Installing: /home/preethi/ros2_ws/install/turtlesim/share/turtlesim/srv/TeleportRelative.srv
[13.292s] -- Installing: /home/preethi/ros2_ws/install/turtlesim/share/turtlesim/srv/TeleportRelative_Request.msg
[13.292s] -- Installing: /home/preethi/ros2_ws/install/turtlesim/share/turtlesim/srv/TeleportRelative_Response.msg
[13.292s] -- Installing: /home/preethi/ros2_ws/install/turtlesim/lib/turtlesim/turtlesim_node
[13.296s] -- Set runtime path of "/home/preethi/ros2_ws/install/turtlesim/lib/turtlesim/turtlesim_node" to ""
[13.296s] -- Installing: /home/preethi/ros2_ws/install/turtlesim/lib/turtlesim/turtle_teleop_key
[13.297s] -- Set runtime path of "/home/preethi/ros2_ws/install/turtlesim/lib/turtlesim/turtle_teleop_key" to ""
[13.297s] -- Installing: /home/preethi/ros2_ws/install/turtlesim/lib/turtlesim/draw_square
[13.299s] -- Set runtime path of "/home/preethi/ros2_ws/install/turtlesim/lib/turtlesim/draw_square" to ""
[13.299s] -- Installing: /home/preethi/ros2_ws/install/turtlesim/lib/turtlesim/mimic
[13.301s] -- Set runtime path of "/home/preethi/ros2_ws/install/turtlesim/lib/turtlesim/mimic" to ""
[13.301s] -- Installing: /home/preethi/ros2_ws/install/turtlesim/share/turtlesim/images
[13.301s] -- Installing: /home/preethi/ros2_ws/install/turtlesim/share/turtlesim/images/galactic.png
[13.301s] -- Installing: /home/preethi/ros2_ws/install/turtlesim/share/turtlesim/images/crystal.png
[13.301s] -- Installing: /home/preethi/ros2_ws/install/turtlesim/share/turtlesim/images/foxy.png
[13.301s] -- Installing: /home/preethi/ros2_ws/install/turtlesim/share/turtlesim/images/rolling.png
[13.301s] -- Installing: /home/preethi/ros2_ws/install/turtlesim/share/turtlesim/images/eloquent.png
[13.301s] -- Installing: /home/preethi/ros2_ws/install/turtlesim/share/turtlesim/images/dashing.png
[13.301s] -- Installing: /home/preethi/ros2_ws/install/turtlesim/share/turtlesim/images/ardent.png
[13.301s] -- Installing: /home/preethi/ros2_ws/install/turtlesim/share/turtlesim/images/humble.png
[13.301s] -- Installing: /home/preethi/ros2_ws/install/turtlesim/share/turtlesim/images/bouncy.png
[13.301s] -- Installing: /home/preethi/ros2_ws/install/turtlesim/share/turtlesim/launch
[13.301s] -- Installing: /home/preethi/ros2_ws/install/turtlesim/share/turtlesim/launch/multisim.launch.py
[13.302s] -- Installing: /home/preethi/ros2_ws/install/turtlesim/share/ament_index/resource_index/package_run_dependencies/turtlesim
[13.302s] -- Installing: /home/preethi/ros2_ws/install/turtlesim/share/ament_index/resource_index/parent_prefix_path/turtlesim
[13.302s] -- Installing: /home/preethi/ros2_ws/install/turtlesim/share/turtlesim/environment/ament_prefix_path.sh
[13.302s] -- Installing: /home/preethi/ros2_ws/install/turtlesim/share/turtlesim/environment/ament_prefix_path.dsv
[13.302s] -- Installing: /home/preethi/ros2_ws/install/turtlesim/share/turtlesim/environment/path.sh
[13.302s] -- Installing: /home/preethi/ros2_ws/install/turtlesim/share/turtlesim/environment/path.dsv
[13.302s] -- Installing: /home/preethi/ros2_ws/install/turtlesim/share/turtlesim/local_setup.bash
[13.302s] -- Installing: /home/preethi/ros2_ws/install/turtlesim/share/turtlesim/local_setup.sh
[13.303s] -- Installing: /home/preethi/ros2_ws/install/turtlesim/share/turtlesim/local_setup.zsh
[13.303s] -- Installing: /home/preethi/ros2_ws/install/turtlesim/share/turtlesim/local_setup.dsv
[13.303s] -- Installing: /home/preethi/ros2_ws/install/turtlesim/share/turtlesim/package.dsv
[13.303s] -- Installing: /home/preethi/ros2_ws/install/turtlesim/share/ament_index/resource_index/packages/turtlesim
[13.303s] -- Installing: /home/preethi/ros2_ws/install/turtlesim/share/turtlesim/cmake/export_turtlesim__rosidl_generator_cExport.cmake
[13.303s] -- Installing: /home/preethi/ros2_ws/install/turtlesim/share/turtlesim/cmake/export_turtlesim__rosidl_generator_cExport-noconfig.cmake
[13.303s] -- Installing: /home/preethi/ros2_ws/install/turtlesim/share/turtlesim/cmake/export_turtlesim__rosidl_typesupport_fastrtps_cExport.cmake
[13.303s] -- Installing: /home/preethi/ros2_ws/install/turtlesim/share/turtlesim/cmake/export_turtlesim__rosidl_typesupport_fastrtps_cExport-noconfig.cmake
[13.303s] -- Installing: /home/preethi/ros2_ws/install/turtlesim/share/turtlesim/cmake/export_turtlesim__rosidl_generator_cppExport.cmake
[13.303s] -- Installing: /home/preethi/ros2_ws/install/turtlesim/share/turtlesim/cmake/export_turtlesim__rosidl_typesupport_fastrtps_cppExport.cmake
[13.303s] -- Installing: /home/preethi/ros2_ws/install/turtlesim/share/turtlesim/cmake/export_turtlesim__rosidl_typesupport_fastrtps_cppExport-noconfig.cmake
[13.303s] -- Installing: /home/preethi/ros2_ws/install/turtlesim/share/turtlesim/cmake/turtlesim__rosidl_typesupport_introspection_cExport.cmake
[13.303s] -- Installing: /home/preethi/ros2_ws/install/turtlesim/share/turtlesim/cmake/turtlesim__rosidl_typesupport_introspection_cExport-noconfig.cmake
[13.303s] -- Installing: /home/preethi/ros2_ws/install/turtlesim/share/turtlesim/cmake/turtlesim__rosidl_typesupport_cExport.cmake
[13.303s] -- Installing: /home/preethi/ros2_ws/install/turtlesim/share/turtlesim/cmake/turtlesim__rosidl_typesupport_cExport-noconfig.cmake
[13.303s] -- Installing: /home/preethi/ros2_ws/install/turtlesim/share/turtlesim/cmake/turtlesim__rosidl_typesupport_introspection_cppExport.cmake
[13.303s] -- Installing: /home/preethi/ros2_ws/install/turtlesim/share/turtlesim/cmake/turtlesim__rosidl_typesupport_introspection_cppExport-noconfig.cmake
[13.303s] -- Installing: /home/preethi/ros2_ws/install/turtlesim/share/turtlesim/cmake/turtlesim__rosidl_typesupport_cppExport.cmake
[13.303s] -- Installing: /home/preethi/ros2_ws/install/turtlesim/share/turtlesim/cmake/turtlesim__rosidl_typesupport_cppExport-noconfig.cmake
[13.303s] -- Installing: /home/preethi/ros2_ws/install/turtlesim/share/turtlesim/cmake/export_turtlesim__rosidl_generator_pyExport.cmake
[13.304s] -- Installing: /home/preethi/ros2_ws/install/turtlesim/share/turtlesim/cmake/export_turtlesim__rosidl_generator_pyExport-noconfig.cmake
[13.304s] -- Installing: /home/preethi/ros2_ws/install/turtlesim/share/turtlesim/cmake/rosidl_cmake-extras.cmake
[13.304s] -- Installing: /home/preethi/ros2_ws/install/turtlesim/share/turtlesim/cmake/ament_cmake_export_dependencies-extras.cmake
[13.304s] -- Installing: /home/preethi/ros2_ws/install/turtlesim/share/turtlesim/cmake/ament_cmake_export_include_directories-extras.cmake
[13.304s] -- Installing: /home/preethi/ros2_ws/install/turtlesim/share/turtlesim/cmake/ament_cmake_export_libraries-extras.cmake
[13.304s] -- Installing: /home/preethi/ros2_ws/install/turtlesim/share/turtlesim/cmake/ament_cmake_export_targets-extras.cmake
[13.304s] -- Installing: /home/preethi/ros2_ws/install/turtlesim/share/turtlesim/cmake/rosidl_cmake_export_typesupport_targets-extras.cmake
[13.304s] -- Installing: /home/preethi/ros2_ws/install/turtlesim/share/turtlesim/cmake/rosidl_cmake_export_typesupport_libraries-extras.cmake
[13.304s] -- Installing: /home/preethi/ros2_ws/install/turtlesim/share/turtlesim/cmake/turtlesimConfig.cmake
[13.304s] -- Installing: /home/preethi/ros2_ws/install/turtlesim/share/turtlesim/cmake/turtlesimConfig-version.cmake
[13.304s] -- Installing: /home/preethi/ros2_ws/install/turtlesim/share/turtlesim/package.xml
[13.306s] Invoked command in '/home/preethi/ros2_ws/build/turtlesim' returned '0': CMAKE_PREFIX_PATH=/opt/ros/humble /usr/bin/cmake --install /home/preethi/ros2_ws/build/turtlesim
